Log file open, 12/03/21 10:02:06
LogWindows: Failed to load 'aqProf.dll' (GetLastError=126)
LogWindows: File 'aqProf.dll' does not exist
LogWindows: Failed to load 'VtuneApi.dll' (GetLastError=126)
LogWindows: File 'VtuneApi.dll' does not exist
LogWindows: Failed to load 'VtuneApi32e.dll' (GetLastError=126)
LogWindows: File 'VtuneApi32e.dll' does not exist
LogConsoleResponse: Display: Failed to find resolution value strings in scalability ini. Falling back to default.
LogConsoleResponse: Display: Failed to find resolution value strings in scalability ini. Falling back to default.
LogInit: Display: Running engine for game: GT2_Gr2
LogPlatformFile: Not using cached read wrapper
LogTaskGraph: Started task graph with 5 named threads and 35 total threads with 3 sets of task threads.
LogStats: Stats thread started at 0.199974
LogICUInternationalization: ICU TimeZone Detection - Raw Offset: +1:00, Platform Override: ''
LogInit: Display: Loading text-based GConfig....
LogPluginManager: Mounting plugin MeshPainting
LogPluginManager: Mounting plugin XGEController
LogPluginManager: Mounting plugin Paper2D
LogPluginManager: Mounting plugin LiveLink
LogPluginManager: Mounting plugin EnvironmentQueryEditor
LogPluginManager: Mounting plugin AISupport
LogPluginManager: Mounting plugin LightPropagationVolume
LogPluginManager: Mounting plugin CameraShakePreviewer
LogPluginManager: Mounting plugin AnimationSharing
LogPluginManager: Mounting plugin CodeLiteSourceCodeAccess
LogPluginManager: Mounting plugin CLionSourceCodeAccess
LogPluginManager: Mounting plugin GitSourceControl
LogPluginManager: Mounting plugin NullSourceCodeAccess
LogPluginManager: Mounting plugin RiderSourceCodeAccess
LogPluginManager: Mounting plugin PerforceSourceControl
LogPluginManager: Mounting plugin KDevelopSourceCodeAccess
LogPluginManager: Mounting plugin PlasticSourceControl
LogPluginManager: Mounting plugin PropertyAccessNode
LogPluginManager: Mounting plugin SubversionSourceControl
LogPluginManager: Mounting plugin PluginUtils
LogPluginManager: Mounting plugin UObjectPlugin
LogPluginManager: Mounting plugin AssetManagerEditor
LogPluginManager: Mounting plugin OodleData
LogPluginManager: Mounting plugin VisualStudioCodeSourceCodeAccess
LogPluginManager: Mounting plugin VisualStudioSourceCodeAccess
LogPluginManager: Mounting plugin TextureFormatOodle
LogPluginManager: Mounting plugin XCodeSourceCodeAccess
LogPluginManager: Mounting plugin OodleNetwork
LogPluginManager: Mounting plugin PixWinPlugin
LogPluginManager: Mounting plugin DatasmithContent
LogPluginManager: Mounting plugin VariantManagerContent
LogPluginManager: Mounting plugin Niagara
LogPluginManager: Mounting plugin CurveEditorTools
LogPluginManager: Mounting plugin DataValidation
LogPluginManager: Mounting plugin FacialAnimation
LogPluginManager: Mounting plugin MacGraphicsSwitching
LogPluginManager: Mounting plugin GeometryMode
LogPluginManager: Mounting plugin GameplayTagsEditor
LogPluginManager: Mounting plugin MaterialAnalyzer
LogPluginManager: Mounting plugin MobileLauncherProfileWizard
LogPluginManager: Mounting plugin SpeedTreeImporter
LogPluginManager: Mounting plugin AlembicImporter
LogPluginManager: Mounting plugin PluginBrowser
LogPluginManager: Mounting plugin BackChannel
LogPluginManager: Mounting plugin AutomationUtils
LogPluginManager: Mounting plugin ChaosCloth
LogPluginManager: Mounting plugin ChaosClothEditor
LogPluginManager: Mounting plugin ChaosEditor
LogPluginManager: Mounting plugin ChaosNiagara
LogPluginManager: Mounting plugin ChaosSolverPlugin
LogPluginManager: Mounting plugin CharacterAI
LogPluginManager: Mounting plugin CryptoKeys
LogPluginManager: Mounting plugin MagicLeap
LogPluginManager: Mounting plugin LuminPlatformFeatures
LogPluginManager: Mounting plugin MagicLeapLightEstimation
LogPluginManager: Mounting plugin MagicLeapMedia
LogPluginManager: Mounting plugin MagicLeapPassableWorld
LogPluginManager: Mounting plugin MLSDK
LogPluginManager: Mounting plugin GeometryCache
LogPluginManager: Mounting plugin GeometryCollectionPlugin
LogPluginManager: Mounting plugin GeometryProcessing
LogPluginManager: Mounting plugin MotoSynth
LogPluginManager: Mounting plugin PlanarCut
LogPluginManager: Mounting plugin PlatformCrypto
LogPluginManager: Mounting plugin OpenImageDenoise
LogPluginManager: Mounting plugin ProxyLODPlugin
LogPluginManager: Mounting plugin PythonScriptPlugin
LogPluginManager: Mounting plugin SkeletalReduction
LogPluginManager: Mounting plugin AndroidMedia
LogPluginManager: Mounting plugin AvfMedia
LogPluginManager: Mounting plugin MediaCompositing
LogPluginManager: Mounting plugin ImgMedia
LogPluginManager: Mounting plugin MediaPlayerEditor
LogPluginManager: Mounting plugin ActorSequence
LogPluginManager: Mounting plugin WebMMedia
LogPluginManager: Mounting plugin WmfMedia
LogPluginManager: Mounting plugin MatineeToLevelSequence
LogPluginManager: Mounting plugin LevelSequenceEditor
LogPluginManager: Mounting plugin TemplateSequence
LogPluginManager: Mounting plugin UdpMessaging
LogPluginManager: Mounting plugin TcpMessaging
LogPluginManager: Mounting plugin OnlineSubsystem
LogPluginManager: Mounting plugin OnlineSubsystemNull
LogPluginManager: Mounting plugin OnlineSubsystemUtils
LogPluginManager: Mounting plugin LauncherChunkInstaller
LogPluginManager: Mounting plugin ActorLayerUtilities
LogPluginManager: Mounting plugin AndroidDeviceProfileSelector
LogPluginManager: Mounting plugin AndroidMoviePlayer
LogPluginManager: Mounting plugin AndroidPermission
LogPluginManager: Mounting plugin AppleMoviePlayer
LogPluginManager: Mounting plugin AppleImageUtils
LogPluginManager: Mounting plugin ArchVisCharacter
LogPluginManager: Mounting plugin AudioCapture
LogPluginManager: Mounting plugin AudioSynesthesia
LogPluginManager: Mounting plugin CableComponent
LogPluginManager: Mounting plugin AssetTags
LogPluginManager: Mounting plugin CustomMeshComponent
LogPluginManager: Mounting plugin ExampleDeviceProfileSelector
LogPluginManager: Mounting plugin EditableMesh
LogPluginManager: Mounting plugin GoogleCloudMessaging
LogPluginManager: Mounting plugin GooglePAD
LogPluginManager: Mounting plugin ChunkDownloader
LogPluginManager: Mounting plugin IOSDeviceProfileSelector
LogPluginManager: Mounting plugin LinuxDeviceProfileSelector
LogPluginManager: Mounting plugin LocationServicesBPLibrary
LogPluginManager: Mounting plugin MobilePatchingUtils
LogPluginManager: Mounting plugin OpenXR
LogPluginManager: Mounting plugin OpenXREyeTracker
LogPluginManager: Mounting plugin ScreenshotTools
LogPluginManager: Mounting plugin OpenXRHandTracking
LogPluginManager: Mounting plugin PhysXVehicles
LogPluginManager: Mounting plugin PostSplashScreen
LogPluginManager: Mounting plugin ProceduralMeshComponent
LogPluginManager: Mounting plugin PropertyAccessEditor
LogPluginManager: Mounting plugin RuntimePhysXCooking
LogPluginManager: Mounting plugin SignificanceManager
LogPluginManager: Mounting plugin SoundFields
LogPluginManager: Mounting plugin Synthesis
LogPluginManager: Mounting plugin WebMMoviePlayer
LogPluginManager: Mounting plugin WindowsMoviePlayer
LogPluginManager: Mounting plugin Takes
LogPluginManager: Mounting plugin GameplayCameras
LogPluginManager: Mounting plugin ContentBrowserClassDataSource
LogPluginManager: Mounting plugin ContentBrowserAssetDataSource
LogPluginManager: Mounting plugin ContentBrowserFileDataSource
LogPluginManager: Mounting plugin OnlineSubsystemGooglePlay
LogPluginManager: Mounting plugin OnlineSubsystemIOS
LogPluginManager: Mounting plugin OculusVR
LogPluginManager: Mounting plugin SteamVR
PixWinPlugin: PIX capture plugin failed to initialize! Check that the process is launched from PIX.
LogLuminAPIImpl: Warning: MLSDK not found.  This likely means the MLSDK environment variable is not set.
LogInit: Using libcurl 7.55.1-DEV
LogInit:  - built for x86_64-pc-win32
LogInit:  - supports SSL with OpenSSL/1.1.1
LogInit:  - supports HTTP deflate (compression) using libz 1.2.8
LogInit:  - other features:
LogInit:      CURL_VERSION_SSL
LogInit:      CURL_VERSION_LIBZ
LogInit:      CURL_VERSION_IPV6
LogInit:      CURL_VERSION_ASYNCHDNS
LogInit:      CURL_VERSION_LARGEFILE
LogInit:      CURL_VERSION_IDN
LogInit:  CurlRequestOptions (configurable via config and command line):
LogInit:  - bVerifyPeer = true  - Libcurl will verify peer certificate
LogInit:  - bUseHttpProxy = false  - Libcurl will NOT use HTTP proxy
LogInit:  - bDontReuseConnections = false  - Libcurl will reuse connections
LogInit:  - MaxHostConnections = 16  - Libcurl will limit the number of connections to a host
LogInit:  - LocalHostAddr = Default
LogInit:  - BufferSize = 65536
LogOnline: OSS: Creating online subsystem instance for: NULL
LogInit: WinSock: version 1.1 (2.2), MaxSocks=32767, MaxUdp=65467
LogOnline: OSS: TryLoadSubsystemAndSetDefault: Loaded subsystem for module [NULL]
LogOculusPluginWrapper: OculusPlugin initialized successfully
LogHMD: Failed initializing OVRPlugin 1.59.0
LogInit: Build: ++UE4+Release-4.27-CL-17735300
LogInit: Engine Version: 4.27.1-17735300+++UE4+Release-4.27
LogInit: Compatible Engine Version: 4.27.0-17155196+++UE4+Release-4.27
LogInit: Net CL: 17155196
LogInit: OS: Windows 10 (Release 2009) (), CPU: 11th Gen Intel(R) Core(TM) i5-11400F @ 2.60GHz, GPU: NVIDIA GeForce RTX 3060 Ti
LogInit: Compiled (64-bit): Oct  6 2021 14:42:51
LogInit: Compiled with Visual C++: 19.24.28315.00
LogInit: Build Configuration: Development
LogInit: Branch Name: ++UE4+Release-4.27
LogInit: Command Line:  -EpicPortal -epicusername=Tojikimadoo -epicuserid=0972604b873d4b5db917f7f44880c8b0 -epiclocale=fr -epicsandboxid=ue
LogInit: Base Directory: C:/Program Files/Epic Games/UE_4.27/Engine/Binaries/Win64/
LogInit: Allocator: TBB
LogInit: Installed Engine Build: 1
LogDevObjectVersion: Number of dev versions registered: 29
LogDevObjectVersion:   Dev-Blueprints (B0D832E4-1F89-4F0D-ACCF-7EB736FD4AA2): 10
LogDevObjectVersion:   Dev-Build (E1C64328-A22C-4D53-A36C-8E866417BD8C): 0
LogDevObjectVersion:   Dev-Core (375EC13C-06E4-48FB-B500-84F0262A717E): 4
LogDevObjectVersion:   Dev-Editor (E4B068ED-F494-42E9-A231-DA0B2E46BB41): 40
LogDevObjectVersion:   Dev-Framework (CFFC743F-43B0-4480-9391-14DF171D2073): 37
LogDevObjectVersion:   Dev-Mobile (B02B49B5-BB20-44E9-A304-32B752E40360): 3
LogDevObjectVersion:   Dev-Networking (A4E4105C-59A1-49B5-A7C5-40C4547EDFEE): 0
LogDevObjectVersion:   Dev-Online (39C831C9-5AE6-47DC-9A44-9C173E1C8E7C): 0
LogDevObjectVersion:   Dev-Physics (78F01B33-EBEA-4F98-B9B4-84EACCB95AA2): 14
LogDevObjectVersion:   Dev-Platform (6631380F-2D4D-43E0-8009-CF276956A95A): 0
LogDevObjectVersion:   Dev-Rendering (12F88B9F-8875-4AFC-A67C-D90C383ABD29): 45
LogDevObjectVersion:   Dev-Sequencer (7B5AE74C-D270-4C10-A958-57980B212A5A): 13
LogDevObjectVersion:   Dev-VR (D7296918-1DD6-4BDD-9DE2-64A83CC13884): 3
LogDevObjectVersion:   Dev-LoadTimes (C2A15278-BFE7-4AFE-6C17-90FF531DF755): 1
LogDevObjectVersion:   Private-Geometry (6EACA3D4-40EC-4CC1-B786-8BED09428FC5): 3
LogDevObjectVersion:   Dev-AnimPhys (29E575DD-E0A3-4627-9D10-D276232CDCEA): 17
LogDevObjectVersion:   Dev-Anim (AF43A65D-7FD3-4947-9873-3E8ED9C1BB05): 15
LogDevObjectVersion:   Dev-ReflectionCapture (6B266CEC-1EC7-4B8F-A30B-E4D90942FC07): 1
LogDevObjectVersion:   Dev-Automation (0DF73D61-A23F-47EA-B727-89E90C41499A): 1
LogDevObjectVersion:   FortniteMain (601D1886-AC64-4F84-AA16-D3DE0DEAC7D6): 47
LogDevObjectVersion:   FortniteRelease (E7086368-6B23-4C58-8439-1B7016265E91): 1
LogDevObjectVersion:   Dev-Enterprise (9DFFBCD6-494F-0158-E221-12823C92A888): 10
LogDevObjectVersion:   Dev-Niagara (F2AED0AC-9AFE-416F-8664-AA7FFA26D6FC): 1
LogDevObjectVersion:   Dev-Destruction (174F1F0B-B4C6-45A5-B13F-2EE8D0FB917D): 10
LogDevObjectVersion:   Dev-Physics-Ext (35F94A83-E258-406C-A318-09F59610247C): 41
LogDevObjectVersion:   Dev-PhysicsMaterial-Chaos (B68FC16E-8B1B-42E2-B453-215C058844FE): 1
LogDevObjectVersion:   Dev-CineCamera (B2E18506-4273-CFC2-A54E-F4BB758BBA07): 1
LogDevObjectVersion:   Dev-VirtualProduction (64F58936-FD1B-42BA-BA96-7289D5D0FA4E): 1
LogDevObjectVersion:   Dev-MediaFramework (6F0ED827-A609-4895-9C91-998D90180EA4): 2
LogInit: Presizing for max 25165824 objects, including 0 objects not considered by GC, pre-allocating 0 bytes for permanent pool.
LogConfig: Applying CVar settings from Section [/Script/Engine.StreamingSettings] File [C:/Users/htaurand/Documents/Projet 4/GT2_Gr2/Saved/Config/Windows/Engine.ini]
LogConfig: Setting CVar [[s.MinBulkDataSizeForAsyncLoading:131072]]
LogConfig: Setting CVar [[s.AsyncLoadingThreadEnabled:0]]
LogConfig: Setting CVar [[s.EventDrivenLoaderEnabled:1]]
LogConfig: Setting CVar [[s.WarnIfTimeLimitExceeded:0]]
LogConfig: Setting CVar [[s.TimeLimitExceededMultiplier:1.5]]
LogConfig: Setting CVar [[s.TimeLimitExceededMinTime:0.005]]
LogConfig: Setting CVar [[s.UseBackgroundLevelStreaming:1]]
LogConfig: Setting CVar [[s.PriorityAsyncLoadingExtraTime:15.0]]
LogConfig: Setting CVar [[s.LevelStreamingActorsUpdateTimeLimit:5.0]]
LogConfig: Setting CVar [[s.PriorityLevelStreamingActorsUpdateExtraTime:5.0]]
LogConfig: Setting CVar [[s.LevelStreamingComponentsRegistrationGranularity:10]]
LogConfig: Setting CVar [[s.UnregisterComponentsTimeLimit:1.0]]
LogConfig: Setting CVar [[s.LevelStreamingComponentsUnregistrationGranularity:5]]
LogConfig: Setting CVar [[s.FlushStreamingOnExit:1]]
LogInit: Object subsystem initialized
LogConfig: Setting CVar [[con.DebugEarlyDefault:1]]
LogConfig: Setting CVar [[r.setres:1280x720]]
[2021.12.03-09.02.06:780][  0]LogConfig: Setting CVar [[r.VSync:0]]
[2021.12.03-09.02.06:780][  0]LogConfig: Setting CVar [[r.RHICmdBypass:0]]
[2021.12.03-09.02.06:780][  0]LogConfig: Applying CVar settings from Section [/Script/Engine.RendererSettings] File [C:/Users/htaurand/Documents/Projet 4/GT2_Gr2/Saved/Config/Windows/Engine.ini]
[2021.12.03-09.02.06:780][  0]LogConfig: Setting CVar [[r.GPUCrashDebugging:0]]
[2021.12.03-09.02.06:780][  0]LogConfig: Applying CVar settings from Section [/Script/Engine.RendererOverrideSettings] File [C:/Users/htaurand/Documents/Projet 4/GT2_Gr2/Saved/Config/Windows/Engine.ini]
[2021.12.03-09.02.06:780][  0]LogConfig: Applying CVar settings from Section [/Script/Engine.StreamingSettings] File [C:/Users/htaurand/Documents/Projet 4/GT2_Gr2/Saved/Config/Windows/Engine.ini]
[2021.12.03-09.02.06:780][  0]LogConfig: Setting CVar [[s.MinBulkDataSizeForAsyncLoading:131072]]
[2021.12.03-09.02.06:780][  0]LogConfig: Setting CVar [[s.AsyncLoadingThreadEnabled:0]]
[2021.12.03-09.02.06:781][  0]LogConfig: Setting CVar [[s.EventDrivenLoaderEnabled:1]]
[2021.12.03-09.02.06:781][  0]LogConfig: Setting CVar [[s.WarnIfTimeLimitExceeded:0]]
[2021.12.03-09.02.06:781][  0]LogConfig: Setting CVar [[s.TimeLimitExceededMultiplier:1.5]]
[2021.12.03-09.02.06:781][  0]LogConfig: Setting CVar [[s.TimeLimitExceededMinTime:0.005]]
[2021.12.03-09.02.06:781][  0]LogConfig: Setting CVar [[s.UseBackgroundLevelStreaming:1]]
[2021.12.03-09.02.06:781][  0]LogConfig: Setting CVar [[s.PriorityAsyncLoadingExtraTime:15.0]]
[2021.12.03-09.02.06:781][  0]LogConfig: Setting CVar [[s.LevelStreamingActorsUpdateTimeLimit:5.0]]
[2021.12.03-09.02.06:781][  0]LogConfig: Setting CVar [[s.PriorityLevelStreamingActorsUpdateExtraTime:5.0]]
[2021.12.03-09.02.06:781][  0]LogConfig: Setting CVar [[s.LevelStreamingComponentsRegistrationGranularity:10]]
[2021.12.03-09.02.06:781][  0]LogConfig: Setting CVar [[s.UnregisterComponentsTimeLimit:1.0]]
[2021.12.03-09.02.06:781][  0]LogConfig: Setting CVar [[s.LevelStreamingComponentsUnregistrationGranularity:5]]
[2021.12.03-09.02.06:781][  0]LogConfig: Setting CVar [[s.FlushStreamingOnExit:1]]
[2021.12.03-09.02.06:781][  0]LogConfig: Applying CVar settings from Section [/Script/Engine.GarbageCollectionSettings] File [C:/Users/htaurand/Documents/Projet 4/GT2_Gr2/Saved/Config/Windows/Engine.ini]
[2021.12.03-09.02.06:781][  0]LogConfig: Setting CVar [[gc.MaxObjectsNotConsideredByGC:1]]
[2021.12.03-09.02.06:781][  0]LogConfig: Setting CVar [[gc.SizeOfPermanentObjectPool:0]]
[2021.12.03-09.02.06:781][  0]LogConfig: Setting CVar [[gc.FlushStreamingOnGC:0]]
[2021.12.03-09.02.06:781][  0]LogConfig: Setting CVar [[gc.NumRetriesBeforeForcingGC:10]]
[2021.12.03-09.02.06:781][  0]LogConfig: Setting CVar [[gc.AllowParallelGC:1]]
[2021.12.03-09.02.06:781][  0]LogConfig: Setting CVar [[gc.TimeBetweenPurgingPendingKillObjects:61.1]]
[2021.12.03-09.02.06:781][  0]LogConfig: Setting CVar [[gc.MaxObjectsInEditor:25165824]]
[2021.12.03-09.02.06:781][  0]LogConfig: Setting CVar [[gc.IncrementalBeginDestroyEnabled:1]]
[2021.12.03-09.02.06:781][  0]LogConfig: Setting CVar [[gc.CreateGCClusters:1]]
[2021.12.03-09.02.06:781][  0]LogConfig: Setting CVar [[gc.MinGCClusterSize:5]]
[2021.12.03-09.02.06:781][  0]LogConfig: Setting CVar [[gc.ActorClusteringEnabled:0]]
[2021.12.03-09.02.06:781][  0]LogConfig: Setting CVar [[gc.BlueprintClusteringEnabled:0]]
[2021.12.03-09.02.06:781][  0]LogConfig: Setting CVar [[gc.UseDisregardForGCOnDedicatedServers:0]]
[2021.12.03-09.02.06:781][  0]LogConfig: Setting CVar [[gc.MultithreadedDestructionEnabled:1]]
[2021.12.03-09.02.06:781][  0]LogConfig: Applying CVar settings from Section [/Script/Engine.NetworkSettings] File [C:/Users/htaurand/Documents/Projet 4/GT2_Gr2/Saved/Config/Windows/Engine.ini]
[2021.12.03-09.02.06:781][  0]LogConfig: Applying CVar settings from Section [/Script/UnrealEd.CookerSettings] File [C:/Users/htaurand/Documents/Projet 4/GT2_Gr2/Saved/Config/Windows/Engine.ini]
[2021.12.03-09.02.06:791][  0]LogConfig: Applying CVar settings from Section [ViewDistanceQuality@3] File [C:/Users/htaurand/Documents/Projet 4/GT2_Gr2/Saved/Config/Windows/Scalability.ini]
[2021.12.03-09.02.06:791][  0]LogConfig: Setting CVar [[r.SkeletalMeshLODBias:0]]
[2021.12.03-09.02.06:791][  0]LogConfig: Setting CVar [[r.ViewDistanceScale:1.0]]
[2021.12.03-09.02.06:791][  0]LogConfig: Applying CVar settings from Section [AntiAliasingQuality@3] File [C:/Users/htaurand/Documents/Projet 4/GT2_Gr2/Saved/Config/Windows/Scalability.ini]
[2021.12.03-09.02.06:791][  0]LogConfig: Setting CVar [[r.PostProcessAAQuality:4]]
[2021.12.03-09.02.06:791][  0]LogConfig: Applying CVar settings from Section [ShadowQuality@3] File [C:/Users/htaurand/Documents/Projet 4/GT2_Gr2/Saved/Config/Windows/Scalability.ini]
[2021.12.03-09.02.06:791][  0]LogConfig: Setting CVar [[r.LightFunctionQuality:1]]
[2021.12.03-09.02.06:791][  0]LogConfig: Setting CVar [[r.ShadowQuality:5]]
[2021.12.03-09.02.06:791][  0]LogConfig: Setting CVar [[r.Shadow.CSM.MaxCascades:10]]
[2021.12.03-09.02.06:791][  0]LogConfig: Setting CVar [[r.Shadow.MaxResolution:2048]]
[2021.12.03-09.02.06:791][  0]LogConfig: Setting CVar [[r.Shadow.MaxCSMResolution:2048]]
[2021.12.03-09.02.06:791][  0]LogConfig: Setting CVar [[r.Shadow.RadiusThreshold:0.01]]
[2021.12.03-09.02.06:791][  0]LogConfig: Setting CVar [[r.Shadow.DistanceScale:1.0]]
[2021.12.03-09.02.06:792][  0]LogConfig: Setting CVar [[r.Shadow.CSM.TransitionScale:1.0]]
[2021.12.03-09.02.06:792][  0]LogConfig: Setting CVar [[r.Shadow.PreShadowResolutionFactor:1.0]]
[2021.12.03-09.02.06:792][  0]LogConfig: Setting CVar [[r.DistanceFieldShadowing:1]]
[2021.12.03-09.02.06:792][  0]LogConfig: Setting CVar [[r.DistanceFieldAO:1]]
[2021.12.03-09.02.06:792][  0]LogConfig: Setting CVar [[r.AOQuality:2]]
[2021.12.03-09.02.06:792][  0]LogConfig: Setting CVar [[r.VolumetricFog:1]]
[2021.12.03-09.02.06:792][  0]LogConfig: Setting CVar [[r.VolumetricFog.GridPixelSize:8]]
[2021.12.03-09.02.06:792][  0]LogConfig: Setting CVar [[r.VolumetricFog.GridSizeZ:128]]
[2021.12.03-09.02.06:792][  0]LogConfig: Setting CVar [[r.VolumetricFog.HistoryMissSupersampleCount:4]]
[2021.12.03-09.02.06:792][  0]LogConfig: Setting CVar [[r.LightMaxDrawDistanceScale:1]]
[2021.12.03-09.02.06:792][  0]LogConfig: Setting CVar [[r.CapsuleShadows:1]]
[2021.12.03-09.02.06:792][  0]LogConfig: Applying CVar settings from Section [PostProcessQuality@3] File [C:/Users/htaurand/Documents/Projet 4/GT2_Gr2/Saved/Config/Windows/Scalability.ini]
[2021.12.03-09.02.06:792][  0]LogConfig: Setting CVar [[r.MotionBlurQuality:4]]
[2021.12.03-09.02.06:792][  0]LogConfig: Setting CVar [[r.AmbientOcclusionMipLevelFactor:0.4]]
[2021.12.03-09.02.06:792][  0]LogConfig: Setting CVar [[r.AmbientOcclusionMaxQuality:100]]
[2021.12.03-09.02.06:792][  0]LogConfig: Setting CVar [[r.AmbientOcclusionLevels:-1]]
[2021.12.03-09.02.06:792][  0]LogConfig: Setting CVar [[r.AmbientOcclusionRadiusScale:1.0]]
[2021.12.03-09.02.06:792][  0]LogConfig: Setting CVar [[r.DepthOfFieldQuality:2]]
[2021.12.03-09.02.06:792][  0]LogConfig: Setting CVar [[r.RenderTargetPoolMin:400]]
[2021.12.03-09.02.06:792][  0]LogConfig: Setting CVar [[r.LensFlareQuality:2]]
[2021.12.03-09.02.06:792][  0]LogConfig: Setting CVar [[r.SceneColorFringeQuality:1]]
[2021.12.03-09.02.06:792][  0]LogConfig: Setting CVar [[r.EyeAdaptationQuality:2]]
[2021.12.03-09.02.06:792][  0]LogConfig: Setting CVar [[r.BloomQuality:5]]
[2021.12.03-09.02.06:792][  0]LogConfig: Setting CVar [[r.FastBlurThreshold:100]]
[2021.12.03-09.02.06:792][  0]LogConfig: Setting CVar [[r.Upscale.Quality:3]]
[2021.12.03-09.02.06:792][  0]LogConfig: Setting CVar [[r.Tonemapper.GrainQuantization:1]]
[2021.12.03-09.02.06:792][  0]LogConfig: Setting CVar [[r.LightShaftQuality:1]]
[2021.12.03-09.02.06:792][  0]LogConfig: Setting CVar [[r.Filter.SizeScale:1]]
[2021.12.03-09.02.06:792][  0]LogConfig: Setting CVar [[r.Tonemapper.Quality:5]]
[2021.12.03-09.02.06:792][  0]LogConfig: Setting CVar [[r.DOF.Gather.AccumulatorQuality:1        ; higher gathering accumulator quality]]
[2021.12.03-09.02.06:792][  0]LogConfig: Setting CVar [[r.DOF.Gather.PostfilterMethod:1          ; Median3x3 postfilering method]]
[2021.12.03-09.02.06:792][  0]LogConfig: Setting CVar [[r.DOF.Gather.EnableBokehSettings:0       ; no bokeh simulation when gathering]]
[2021.12.03-09.02.06:792][  0]LogConfig: Setting CVar [[r.DOF.Gather.RingCount:4                 ; medium number of samples when gathering]]
[2021.12.03-09.02.06:792][  0]LogConfig: Setting CVar [[r.DOF.Scatter.ForegroundCompositing:1    ; additive foreground scattering]]
[2021.12.03-09.02.06:792][  0]LogConfig: Setting CVar [[r.DOF.Scatter.BackgroundCompositing:2    ; additive background scattering]]
[2021.12.03-09.02.06:792][  0]LogConfig: Setting CVar [[r.DOF.Scatter.EnableBokehSettings:1      ; bokeh simulation when scattering]]
[2021.12.03-09.02.06:792][  0]LogConfig: Setting CVar [[r.DOF.Scatter.MaxSpriteRatio:0.1         ; only a maximum of 10% of scattered bokeh]]
[2021.12.03-09.02.06:792][  0]LogConfig: Setting CVar [[r.DOF.Recombine.Quality:1                ; cheap slight out of focus]]
[2021.12.03-09.02.06:792][  0]LogConfig: Setting CVar [[r.DOF.Recombine.EnableBokehSettings:0    ; no bokeh simulation on slight out of focus]]
[2021.12.03-09.02.06:792][  0]LogConfig: Setting CVar [[r.DOF.TemporalAAQuality:1                ; more stable temporal accumulation]]
[2021.12.03-09.02.06:792][  0]LogConfig: Setting CVar [[r.DOF.Kernel.MaxForegroundRadius:0.025]]
[2021.12.03-09.02.06:792][  0]LogConfig: Setting CVar [[r.DOF.Kernel.MaxBackgroundRadius:0.025]]
[2021.12.03-09.02.06:792][  0]LogConfig: Applying CVar settings from Section [TextureQuality@3] File [C:/Users/htaurand/Documents/Projet 4/GT2_Gr2/Saved/Config/Windows/Scalability.ini]
[2021.12.03-09.02.06:792][  0]LogConfig: Setting CVar [[r.Streaming.MipBias:0]]
[2021.12.03-09.02.06:792][  0]LogConfig: Setting CVar [[r.Streaming.AmortizeCPUToGPUCopy:0]]
[2021.12.03-09.02.06:792][  0]LogConfig: Setting CVar [[r.Streaming.MaxNumTexturesToStreamPerFrame:0]]
[2021.12.03-09.02.06:792][  0]LogConfig: Setting CVar [[r.Streaming.Boost:1]]
[2021.12.03-09.02.06:792][  0]LogConfig: Setting CVar [[r.MaxAnisotropy:8]]
[2021.12.03-09.02.06:792][  0]LogConfig: Setting CVar [[r.VT.MaxAnisotropy:8]]
[2021.12.03-09.02.06:792][  0]LogConfig: Setting CVar [[r.Streaming.LimitPoolSizeToVRAM:0]]
[2021.12.03-09.02.06:792][  0]LogConfig: Setting CVar [[r.Streaming.PoolSize:1000]]
[2021.12.03-09.02.06:792][  0]LogConfig: Setting CVar [[r.Streaming.MaxEffectiveScreenSize:0]]
[2021.12.03-09.02.06:792][  0]LogConfig: Applying CVar settings from Section [EffectsQuality@3] File [C:/Users/htaurand/Documents/Projet 4/GT2_Gr2/Saved/Config/Windows/Scalability.ini]
[2021.12.03-09.02.06:792][  0]LogConfig: Setting CVar [[r.TranslucencyLightingVolumeDim:64]]
[2021.12.03-09.02.06:792][  0]LogConfig: Setting CVar [[r.RefractionQuality:2]]
[2021.12.03-09.02.06:792][  0]LogConfig: Setting CVar [[r.SSR.Quality:3]]
[2021.12.03-09.02.06:792][  0]LogConfig: Setting CVar [[r.SSR.HalfResSceneColor:0]]
[2021.12.03-09.02.06:792][  0]LogConfig: Setting CVar [[r.SceneColorFormat:4]]
[2021.12.03-09.02.06:792][  0]LogConfig: Setting CVar [[r.DetailMode:2]]
[2021.12.03-09.02.06:792][  0]LogConfig: Setting CVar [[r.TranslucencyVolumeBlur:1]]
[2021.12.03-09.02.06:792][  0]LogConfig: Setting CVar [[r.MaterialQualityLevel:1 ; High quality]]
[2021.12.03-09.02.06:792][  0]LogConfig: Setting CVar [[r.AnisotropicMaterials:1]]
[2021.12.03-09.02.06:792][  0]LogConfig: Setting CVar [[r.SSS.Scale:1]]
[2021.12.03-09.02.06:792][  0]LogConfig: Setting CVar [[r.SSS.SampleSet:2]]
[2021.12.03-09.02.06:792][  0]LogConfig: Setting CVar [[r.SSS.Quality:1]]
[2021.12.03-09.02.06:792][  0]LogConfig: Setting CVar [[r.SSS.HalfRes:0]]
[2021.12.03-09.02.06:792][  0]LogConfig: Setting CVar [[r.SSGI.Quality:3]]
[2021.12.03-09.02.06:792][  0]LogConfig: Setting CVar [[r.EmitterSpawnRateScale:1.0]]
[2021.12.03-09.02.06:792][  0]LogConfig: Setting CVar [[r.ParticleLightQuality:2]]
[2021.12.03-09.02.06:792][  0]LogConfig: Setting CVar [[r.SkyAtmosphere.AerialPerspectiveLUT.FastApplyOnOpaque:1 ; Always have FastSkyLUT 1 in this case to avoid wrong sky]]
[2021.12.03-09.02.06:792][  0]LogConfig: Setting CVar [[r.SkyAtmosphere.AerialPerspectiveLUT.SampleCountMaxPerSlice:4]]
[2021.12.03-09.02.06:792][  0]LogConfig: Setting CVar [[r.SkyAtmosphere.AerialPerspectiveLUT.DepthResolution:16.0]]
[2021.12.03-09.02.06:792][  0]LogConfig: Setting CVar [[r.SkyAtmosphere.FastSkyLUT:1]]
[2021.12.03-09.02.06:792][  0]LogConfig: Setting CVar [[r.SkyAtmosphere.FastSkyLUT.SampleCountMin:4.0]]
[2021.12.03-09.02.06:792][  0]LogConfig: Setting CVar [[r.SkyAtmosphere.FastSkyLUT.SampleCountMax:128.0]]
[2021.12.03-09.02.06:792][  0]LogConfig: Setting CVar [[r.SkyAtmosphere.SampleCountMin:4.0]]
[2021.12.03-09.02.06:792][  0]LogConfig: Setting CVar [[r.SkyAtmosphere.SampleCountMax:128.0]]
[2021.12.03-09.02.06:792][  0]LogConfig: Setting CVar [[r.SkyAtmosphere.TransmittanceLUT.UseSmallFormat:0]]
[2021.12.03-09.02.06:792][  0]LogConfig: Setting CVar [[r.SkyAtmosphere.TransmittanceLUT.SampleCount:10.0]]
[2021.12.03-09.02.06:792][  0]LogConfig: Setting CVar [[r.SkyAtmosphere.MultiScatteringLUT.SampleCount:15.0]]
[2021.12.03-09.02.06:792][  0]LogConfig: Setting CVar [[r.SkyLight.RealTimeReflectionCapture:1]]
[2021.12.03-09.02.06:792][  0]LogConfig: Applying CVar settings from Section [FoliageQuality@3] File [C:/Users/htaurand/Documents/Projet 4/GT2_Gr2/Saved/Config/Windows/Scalability.ini]
[2021.12.03-09.02.06:792][  0]LogConfig: Setting CVar [[foliage.DensityScale:1.0]]
[2021.12.03-09.02.06:792][  0]LogConfig: Setting CVar [[grass.DensityScale:1.0]]
[2021.12.03-09.02.06:792][  0]LogConfig: Applying CVar settings from Section [ShadingQuality@3] File [C:/Users/htaurand/Documents/Projet 4/GT2_Gr2/Saved/Config/Windows/Scalability.ini]
[2021.12.03-09.02.06:792][  0]LogConfig: Setting CVar [[r.HairStrands.SkyLighting.IntegrationType:2]]
[2021.12.03-09.02.06:792][  0]LogConfig: Setting CVar [[r.HairStrands.SkyAO.SampleCount:4]]
[2021.12.03-09.02.06:792][  0]LogConfig: Setting CVar [[r.HairStrands.Visibility.MSAA.SamplePerPixel:4]]
[2021.12.03-09.02.06:792][  0]LogInit: Selected Device Profile: [Windows]
[2021.12.03-09.02.06:792][  0]LogInit: Applying CVar settings loaded from the selected device profile: [Windows]
[2021.12.03-09.02.06:792][  0]LogHAL: Display: Platform has ~ 16 GB [16950067200 / 17179869184 / 16], which maps to Larger [LargestMinGB=32, LargerMinGB=12, DefaultMinGB=8, SmallerMinGB=6, SmallestMinGB=0)
[2021.12.03-09.02.06:792][  0]LogInit: Going up to parent DeviceProfile []
[2021.12.03-09.02.06:792][  0]LogConfig: Applying CVar settings from Section [ViewDistanceQuality@3] File [C:/Users/htaurand/Documents/Projet 4/GT2_Gr2/Saved/Config/Windows/Scalability.ini]
[2021.12.03-09.02.06:792][  0]LogConfig: Setting CVar [[r.SkeletalMeshLODBias:0]]
[2021.12.03-09.02.06:792][  0]LogConfig: Setting CVar [[r.ViewDistanceScale:1.0]]
[2021.12.03-09.02.06:792][  0]LogConfig: Applying CVar settings from Section [AntiAliasingQuality@3] File [C:/Users/htaurand/Documents/Projet 4/GT2_Gr2/Saved/Config/Windows/Scalability.ini]
[2021.12.03-09.02.06:792][  0]LogConfig: Setting CVar [[r.PostProcessAAQuality:4]]
[2021.12.03-09.02.06:792][  0]LogConfig: Applying CVar settings from Section [ShadowQuality@3] File [C:/Users/htaurand/Documents/Projet 4/GT2_Gr2/Saved/Config/Windows/Scalability.ini]
[2021.12.03-09.02.06:792][  0]LogConfig: Setting CVar [[r.LightFunctionQuality:1]]
[2021.12.03-09.02.06:792][  0]LogConfig: Setting CVar [[r.ShadowQuality:5]]
[2021.12.03-09.02.06:792][  0]LogConfig: Setting CVar [[r.Shadow.CSM.MaxCascades:10]]
[2021.12.03-09.02.06:792][  0]LogConfig: Setting CVar [[r.Shadow.MaxResolution:2048]]
[2021.12.03-09.02.06:792][  0]LogConfig: Setting CVar [[r.Shadow.MaxCSMResolution:2048]]
[2021.12.03-09.02.06:792][  0]LogConfig: Setting CVar [[r.Shadow.RadiusThreshold:0.01]]
[2021.12.03-09.02.06:792][  0]LogConfig: Setting CVar [[r.Shadow.DistanceScale:1.0]]
[2021.12.03-09.02.06:792][  0]LogConfig: Setting CVar [[r.Shadow.CSM.TransitionScale:1.0]]
[2021.12.03-09.02.06:792][  0]LogConfig: Setting CVar [[r.Shadow.PreShadowResolutionFactor:1.0]]
[2021.12.03-09.02.06:793][  0]LogConfig: Setting CVar [[r.DistanceFieldShadowing:1]]
[2021.12.03-09.02.06:793][  0]LogConfig: Setting CVar [[r.DistanceFieldAO:1]]
[2021.12.03-09.02.06:793][  0]LogConfig: Setting CVar [[r.AOQuality:2]]
[2021.12.03-09.02.06:793][  0]LogConfig: Setting CVar [[r.VolumetricFog:1]]
[2021.12.03-09.02.06:793][  0]LogConfig: Setting CVar [[r.VolumetricFog.GridPixelSize:8]]
[2021.12.03-09.02.06:793][  0]LogConfig: Setting CVar [[r.VolumetricFog.GridSizeZ:128]]
[2021.12.03-09.02.06:793][  0]LogConfig: Setting CVar [[r.VolumetricFog.HistoryMissSupersampleCount:4]]
[2021.12.03-09.02.06:793][  0]LogConfig: Setting CVar [[r.LightMaxDrawDistanceScale:1]]
[2021.12.03-09.02.06:793][  0]LogConfig: Setting CVar [[r.CapsuleShadows:1]]
[2021.12.03-09.02.06:793][  0]LogConfig: Applying CVar settings from Section [PostProcessQuality@3] File [C:/Users/htaurand/Documents/Projet 4/GT2_Gr2/Saved/Config/Windows/Scalability.ini]
[2021.12.03-09.02.06:793][  0]LogConfig: Setting CVar [[r.MotionBlurQuality:4]]
[2021.12.03-09.02.06:793][  0]LogConfig: Setting CVar [[r.AmbientOcclusionMipLevelFactor:0.4]]
[2021.12.03-09.02.06:793][  0]LogConfig: Setting CVar [[r.AmbientOcclusionMaxQuality:100]]
[2021.12.03-09.02.06:793][  0]LogConfig: Setting CVar [[r.AmbientOcclusionLevels:-1]]
[2021.12.03-09.02.06:793][  0]LogConfig: Setting CVar [[r.AmbientOcclusionRadiusScale:1.0]]
[2021.12.03-09.02.06:793][  0]LogConfig: Setting CVar [[r.DepthOfFieldQuality:2]]
[2021.12.03-09.02.06:793][  0]LogConfig: Setting CVar [[r.RenderTargetPoolMin:400]]
[2021.12.03-09.02.06:793][  0]LogConfig: Setting CVar [[r.LensFlareQuality:2]]
[2021.12.03-09.02.06:793][  0]LogConfig: Setting CVar [[r.SceneColorFringeQuality:1]]
[2021.12.03-09.02.06:793][  0]LogConfig: Setting CVar [[r.EyeAdaptationQuality:2]]
[2021.12.03-09.02.06:793][  0]LogConfig: Setting CVar [[r.BloomQuality:5]]
[2021.12.03-09.02.06:793][  0]LogConfig: Setting CVar [[r.FastBlurThreshold:100]]
[2021.12.03-09.02.06:793][  0]LogConfig: Setting CVar [[r.Upscale.Quality:3]]
[2021.12.03-09.02.06:793][  0]LogConfig: Setting CVar [[r.Tonemapper.GrainQuantization:1]]
[2021.12.03-09.02.06:793][  0]LogConfig: Setting CVar [[r.LightShaftQuality:1]]
[2021.12.03-09.02.06:793][  0]LogConfig: Setting CVar [[r.Filter.SizeScale:1]]
[2021.12.03-09.02.06:793][  0]LogConfig: Setting CVar [[r.Tonemapper.Quality:5]]
[2021.12.03-09.02.06:793][  0]LogConfig: Setting CVar [[r.DOF.Gather.AccumulatorQuality:1        ; higher gathering accumulator quality]]
[2021.12.03-09.02.06:793][  0]LogConfig: Setting CVar [[r.DOF.Gather.PostfilterMethod:1          ; Median3x3 postfilering method]]
[2021.12.03-09.02.06:793][  0]LogConfig: Setting CVar [[r.DOF.Gather.EnableBokehSettings:0       ; no bokeh simulation when gathering]]
[2021.12.03-09.02.06:793][  0]LogConfig: Setting CVar [[r.DOF.Gather.RingCount:4                 ; medium number of samples when gathering]]
[2021.12.03-09.02.06:793][  0]LogConfig: Setting CVar [[r.DOF.Scatter.ForegroundCompositing:1    ; additive foreground scattering]]
[2021.12.03-09.02.06:793][  0]LogConfig: Setting CVar [[r.DOF.Scatter.BackgroundCompositing:2    ; additive background scattering]]
[2021.12.03-09.02.06:793][  0]LogConfig: Setting CVar [[r.DOF.Scatter.EnableBokehSettings:1      ; bokeh simulation when scattering]]
[2021.12.03-09.02.06:793][  0]LogConfig: Setting CVar [[r.DOF.Scatter.MaxSpriteRatio:0.1         ; only a maximum of 10% of scattered bokeh]]
[2021.12.03-09.02.06:793][  0]LogConfig: Setting CVar [[r.DOF.Recombine.Quality:1                ; cheap slight out of focus]]
[2021.12.03-09.02.06:793][  0]LogConfig: Setting CVar [[r.DOF.Recombine.EnableBokehSettings:0    ; no bokeh simulation on slight out of focus]]
[2021.12.03-09.02.06:793][  0]LogConfig: Setting CVar [[r.DOF.TemporalAAQuality:1                ; more stable temporal accumulation]]
[2021.12.03-09.02.06:793][  0]LogConfig: Setting CVar [[r.DOF.Kernel.MaxForegroundRadius:0.025]]
[2021.12.03-09.02.06:793][  0]LogConfig: Setting CVar [[r.DOF.Kernel.MaxBackgroundRadius:0.025]]
[2021.12.03-09.02.06:793][  0]LogConfig: Applying CVar settings from Section [TextureQuality@3] File [C:/Users/htaurand/Documents/Projet 4/GT2_Gr2/Saved/Config/Windows/Scalability.ini]
[2021.12.03-09.02.06:793][  0]LogConfig: Setting CVar [[r.Streaming.MipBias:0]]
[2021.12.03-09.02.06:793][  0]LogConfig: Setting CVar [[r.Streaming.AmortizeCPUToGPUCopy:0]]
[2021.12.03-09.02.06:793][  0]LogConfig: Setting CVar [[r.Streaming.MaxNumTexturesToStreamPerFrame:0]]
[2021.12.03-09.02.06:793][  0]LogConfig: Setting CVar [[r.Streaming.Boost:1]]
[2021.12.03-09.02.06:793][  0]LogConfig: Setting CVar [[r.MaxAnisotropy:8]]
[2021.12.03-09.02.06:793][  0]LogConfig: Setting CVar [[r.VT.MaxAnisotropy:8]]
[2021.12.03-09.02.06:793][  0]LogConfig: Setting CVar [[r.Streaming.LimitPoolSizeToVRAM:0]]
[2021.12.03-09.02.06:793][  0]LogConfig: Setting CVar [[r.Streaming.PoolSize:1000]]
[2021.12.03-09.02.06:793][  0]LogConfig: Setting CVar [[r.Streaming.MaxEffectiveScreenSize:0]]
[2021.12.03-09.02.06:793][  0]LogConfig: Applying CVar settings from Section [EffectsQuality@3] File [C:/Users/htaurand/Documents/Projet 4/GT2_Gr2/Saved/Config/Windows/Scalability.ini]
[2021.12.03-09.02.06:793][  0]LogConfig: Setting CVar [[r.TranslucencyLightingVolumeDim:64]]
[2021.12.03-09.02.06:793][  0]LogConfig: Setting CVar [[r.RefractionQuality:2]]
[2021.12.03-09.02.06:793][  0]LogConfig: Setting CVar [[r.SSR.Quality:3]]
[2021.12.03-09.02.06:793][  0]LogConfig: Setting CVar [[r.SSR.HalfResSceneColor:0]]
[2021.12.03-09.02.06:793][  0]LogConfig: Setting CVar [[r.SceneColorFormat:4]]
[2021.12.03-09.02.06:793][  0]LogConfig: Setting CVar [[r.DetailMode:2]]
[2021.12.03-09.02.06:793][  0]LogConfig: Setting CVar [[r.TranslucencyVolumeBlur:1]]
[2021.12.03-09.02.06:793][  0]LogConfig: Setting CVar [[r.MaterialQualityLevel:1 ; High quality]]
[2021.12.03-09.02.06:793][  0]LogConfig: Setting CVar [[r.AnisotropicMaterials:1]]
[2021.12.03-09.02.06:793][  0]LogConfig: Setting CVar [[r.SSS.Scale:1]]
[2021.12.03-09.02.06:793][  0]LogConfig: Setting CVar [[r.SSS.SampleSet:2]]
[2021.12.03-09.02.06:793][  0]LogConfig: Setting CVar [[r.SSS.Quality:1]]
[2021.12.03-09.02.06:793][  0]LogConfig: Setting CVar [[r.SSS.HalfRes:0]]
[2021.12.03-09.02.06:793][  0]LogConfig: Setting CVar [[r.SSGI.Quality:3]]
[2021.12.03-09.02.06:793][  0]LogConfig: Setting CVar [[r.EmitterSpawnRateScale:1.0]]
[2021.12.03-09.02.06:793][  0]LogConfig: Setting CVar [[r.ParticleLightQuality:2]]
[2021.12.03-09.02.06:793][  0]LogConfig: Setting CVar [[r.SkyAtmosphere.AerialPerspectiveLUT.FastApplyOnOpaque:1 ; Always have FastSkyLUT 1 in this case to avoid wrong sky]]
[2021.12.03-09.02.06:793][  0]LogConfig: Setting CVar [[r.SkyAtmosphere.AerialPerspectiveLUT.SampleCountMaxPerSlice:4]]
[2021.12.03-09.02.06:793][  0]LogConfig: Setting CVar [[r.SkyAtmosphere.AerialPerspectiveLUT.DepthResolution:16.0]]
[2021.12.03-09.02.06:793][  0]LogConfig: Setting CVar [[r.SkyAtmosphere.FastSkyLUT:1]]
[2021.12.03-09.02.06:793][  0]LogConfig: Setting CVar [[r.SkyAtmosphere.FastSkyLUT.SampleCountMin:4.0]]
[2021.12.03-09.02.06:793][  0]LogConfig: Setting CVar [[r.SkyAtmosphere.FastSkyLUT.SampleCountMax:128.0]]
[2021.12.03-09.02.06:793][  0]LogConfig: Setting CVar [[r.SkyAtmosphere.SampleCountMin:4.0]]
[2021.12.03-09.02.06:793][  0]LogConfig: Setting CVar [[r.SkyAtmosphere.SampleCountMax:128.0]]
[2021.12.03-09.02.06:793][  0]LogConfig: Setting CVar [[r.SkyAtmosphere.TransmittanceLUT.UseSmallFormat:0]]
[2021.12.03-09.02.06:793][  0]LogConfig: Setting CVar [[r.SkyAtmosphere.TransmittanceLUT.SampleCount:10.0]]
[2021.12.03-09.02.06:793][  0]LogConfig: Setting CVar [[r.SkyAtmosphere.MultiScatteringLUT.SampleCount:15.0]]
[2021.12.03-09.02.06:793][  0]LogConfig: Setting CVar [[r.SkyLight.RealTimeReflectionCapture:1]]
[2021.12.03-09.02.06:793][  0]LogConfig: Applying CVar settings from Section [FoliageQuality@3] File [C:/Users/htaurand/Documents/Projet 4/GT2_Gr2/Saved/Config/Windows/Scalability.ini]
[2021.12.03-09.02.06:793][  0]LogConfig: Setting CVar [[foliage.DensityScale:1.0]]
[2021.12.03-09.02.06:793][  0]LogConfig: Setting CVar [[grass.DensityScale:1.0]]
[2021.12.03-09.02.06:793][  0]LogConfig: Applying CVar settings from Section [ShadingQuality@3] File [C:/Users/htaurand/Documents/Projet 4/GT2_Gr2/Saved/Config/Windows/Scalability.ini]
[2021.12.03-09.02.06:793][  0]LogConfig: Setting CVar [[r.HairStrands.SkyLighting.IntegrationType:2]]
[2021.12.03-09.02.06:793][  0]LogConfig: Setting CVar [[r.HairStrands.SkyAO.SampleCount:4]]
[2021.12.03-09.02.06:793][  0]LogConfig: Setting CVar [[r.HairStrands.Visibility.MSAA.SamplePerPixel:4]]
[2021.12.03-09.02.06:793][  0]LogConfig: Applying CVar settings from Section [Startup] File [../../../Engine/Config/ConsoleVariables.ini]
[2021.12.03-09.02.06:793][  0]LogConfig: Setting CVar [[net.UseAdaptiveNetUpdateFrequency:0]]
[2021.12.03-09.02.06:793][  0]LogConfig: Setting CVar [[p.chaos.AllowCreatePhysxBodies:1]]
[2021.12.03-09.02.06:793][  0]LogConfig: Setting CVar [[fx.SkipVectorVMBackendOptimizations:1]]
[2021.12.03-09.02.06:793][  0]LogConfig: Applying CVar settings from Section [ConsoleVariables] File [C:/Users/htaurand/Documents/Projet 4/GT2_Gr2/Saved/Config/Windows/Engine.ini]
[2021.12.03-09.02.06:793][  0]LogConfig: Applying CVar settings from Section [ConsoleVariables] File [C:/Users/htaurand/Documents/Projet 4/GT2_Gr2/Saved/Config/Windows/Editor.ini]
[2021.12.03-09.02.06:793][  0]LogInit: Computer: GCFRLY162
[2021.12.03-09.02.06:793][  0]LogInit: User: htaurand
[2021.12.03-09.02.06:793][  0]LogInit: CPU Page size=4096, Cores=6
[2021.12.03-09.02.06:793][  0]LogInit: High frequency timer resolution =10.000000 MHz
[2021.12.03-09.02.06:793][  0]LogMemory: Memory total: Physical=15.8GB (16GB approx)
[2021.12.03-09.02.06:794][  0]LogMemory: Platform Memory Stats for Windows
[2021.12.03-09.02.06:794][  0]LogMemory: Process Physical Memory: 144.86 MB used, 144.86 MB peak
[2021.12.03-09.02.06:794][  0]LogMemory: Process Virtual Memory: 129.88 MB used, 129.88 MB peak
[2021.12.03-09.02.06:794][  0]LogMemory: Physical Memory: 8582.66 MB used,  7582.18 MB free, 16164.84 MB total
[2021.12.03-09.02.06:794][  0]LogMemory: Virtual Memory: 134212752.00 MB used,  4974.48 MB free, 134217728.00 MB total
[2021.12.03-09.02.06:798][  0]LogWindows: WindowsPlatformFeatures enabled
[2021.12.03-09.02.06:825][  0]LogInit: Physics initialised using underlying interface: PhysX
[2021.12.03-09.02.06:826][  0]LogInit: Using OS detected language (fr-FR).
[2021.12.03-09.02.06:826][  0]LogInit: Using OS detected locale (fr-FR).
[2021.12.03-09.02.06:830][  0]LogTextLocalizationManager: No specific localization for 'fr-FR' exists, so the 'fr' localization will be used.
[2021.12.03-09.02.06:830][  0]LogTextLocalizationResource: LocRes '../../../Engine/Content/Localization/Editor/fr/Editor.locres' could not be opened for reading!
[2021.12.03-09.02.06:830][  0]LogTextLocalizationResource: LocRes '../../../Engine/Content/Localization/EditorTutorials/fr/EditorTutorials.locres' could not be opened for reading!
[2021.12.03-09.02.06:830][  0]LogTextLocalizationResource: LocRes '../../../Engine/Content/Localization/Keywords/fr/Keywords.locres' could not be opened for reading!
[2021.12.03-09.02.06:830][  0]LogTextLocalizationResource: LocRes '../../../Engine/Content/Localization/Category/fr/Category.locres' could not be opened for reading!
[2021.12.03-09.02.06:830][  0]LogTextLocalizationResource: LocRes '../../../Engine/Content/Localization/ToolTips/fr/ToolTips.locres' could not be opened for reading!
[2021.12.03-09.02.06:830][  0]LogTextLocalizationResource: LocRes '../../../Engine/Content/Localization/PropertyNames/fr/PropertyNames.locres' could not be opened for reading!
[2021.12.03-09.02.06:830][  0]LogTextLocalizationResource: LocRes '../../../Engine/Content/Localization/Engine/fr/Engine.locres' could not be opened for reading!
[2021.12.03-09.02.06:831][  0]LogInit: Setting process to per monitor DPI aware
[2021.12.03-09.02.06:840][  0]LogWindowsTextInputMethodSystem: Display: IME system deactivated.
[2021.12.03-09.02.06:849][  0]LogSlate: New Slate User Created.  User Index 0, Is Virtual User: 0
[2021.12.03-09.02.06:849][  0]LogSlate: Slate User Registered.  User Index 0, Is Virtual User: 0
[2021.12.03-09.02.06:924][  0]LogD3D11RHI: Loaded GFSDK_Aftermath_Lib.x64.dll
[2021.12.03-09.02.06:926][  0]LogHMD: Failed to initialize OpenVR with code 110
[2021.12.03-09.02.06:926][  0]LogD3D11RHI: D3D11 min allowed feature level: 11_0
[2021.12.03-09.02.06:926][  0]LogD3D11RHI: D3D11 max allowed feature level: 11_0
[2021.12.03-09.02.06:926][  0]LogD3D11RHI: D3D11 adapters:
[2021.12.03-09.02.07:015][  0]LogD3D11RHI:    0. 'NVIDIA GeForce RTX 3060 Ti' (Feature Level 11_0)
[2021.12.03-09.02.07:015][  0]LogD3D11RHI:       8050/0/8082 MB DedicatedVideo/DedicatedSystem/SharedSystem, Outputs:1, VendorId:0x10de
[2021.12.03-09.02.07:017][  0]LogD3D11RHI:    1. 'Microsoft Basic Render Driver' (Feature Level 11_0)
[2021.12.03-09.02.07:017][  0]LogD3D11RHI:       0/0/8082 MB DedicatedVideo/DedicatedSystem/SharedSystem, Outputs:0, VendorId:0x1414
[2021.12.03-09.02.07:017][  0]LogD3D11RHI: Chosen D3D11 Adapter:
[2021.12.03-09.02.07:017][  0]LogD3D11RHI:     Description : NVIDIA GeForce RTX 3060 Ti
[2021.12.03-09.02.07:017][  0]LogD3D11RHI:     VendorId    : 10de
[2021.12.03-09.02.07:017][  0]LogD3D11RHI:     DeviceId    : 2486
[2021.12.03-09.02.07:017][  0]LogD3D11RHI:     SubSysId    : 88d4103c
[2021.12.03-09.02.07:017][  0]LogD3D11RHI:     Revision    : 00a1
[2021.12.03-09.02.07:017][  0]LogD3D11RHI:     DedicatedVideoMemory : 8441036800 bytes
[2021.12.03-09.02.07:017][  0]LogD3D11RHI:     DedicatedSystemMemory : 0 bytes
[2021.12.03-09.02.07:017][  0]LogD3D11RHI:     SharedSystemMemory : 8475033600 bytes
[2021.12.03-09.02.07:017][  0]LogD3D11RHI:     AdapterLuid : 0 55240
[2021.12.03-09.02.07:032][  0]LogD3D11RHI: Creating new Direct3DDevice
[2021.12.03-09.02.07:032][  0]LogD3D11RHI:     GPU DeviceId: 0x2486 (for the marketing name, search the web for "GPU Device Id")
[2021.12.03-09.02.07:032][  0]LogWindows: EnumDisplayDevices:
[2021.12.03-09.02.07:032][  0]LogWindows:    0. 'NVIDIA GeForce RTX 3060 Ti' (P:1 D:1)
[2021.12.03-09.02.07:032][  0]LogWindows:    1. 'NVIDIA GeForce RTX 3060 Ti' (P:0 D:0)
[2021.12.03-09.02.07:032][  0]LogWindows:    2. 'NVIDIA GeForce RTX 3060 Ti' (P:0 D:0)
[2021.12.03-09.02.07:032][  0]LogWindows:    3. 'NVIDIA GeForce RTX 3060 Ti' (P:0 D:0)
[2021.12.03-09.02.07:032][  0]LogWindows: DebugString: FoundDriverCount:4 
[2021.12.03-09.02.07:032][  0]LogD3D11RHI:     Adapter Name: NVIDIA GeForce RTX 3060 Ti
[2021.12.03-09.02.07:032][  0]LogD3D11RHI:   Driver Version: 472.08 (internal:30.0.14.7208, unified:472.08)
[2021.12.03-09.02.07:033][  0]LogD3D11RHI:      Driver Date: 9-13-2021
[2021.12.03-09.02.07:033][  0]LogRHI: Texture pool is 5635 MB (70% of 8050 MB)
[2021.12.03-09.02.07:033][  0]LogD3D11RHI: Creating D3DDevice using adapter:
[2021.12.03-09.02.07:033][  0]LogD3D11RHI:     Description : NVIDIA GeForce RTX 3060 Ti
[2021.12.03-09.02.07:033][  0]LogD3D11RHI:     VendorId    : 10de
[2021.12.03-09.02.07:033][  0]LogD3D11RHI:     DeviceId    : 2486
[2021.12.03-09.02.07:033][  0]LogD3D11RHI:     SubSysId    : 88d4103c
[2021.12.03-09.02.07:033][  0]LogD3D11RHI:     Revision    : 00a1
[2021.12.03-09.02.07:033][  0]LogD3D11RHI:     DedicatedVideoMemory : 8441036800 bytes
[2021.12.03-09.02.07:033][  0]LogD3D11RHI:     DedicatedSystemMemory : 0 bytes
[2021.12.03-09.02.07:033][  0]LogD3D11RHI:     SharedSystemMemory : 8475033600 bytes
[2021.12.03-09.02.07:033][  0]LogD3D11RHI:     AdapterLuid : 0 55240
[2021.12.03-09.02.07:090][  0]LogD3D11RHI: RHI has support for 64 bit atomics
[2021.12.03-09.02.07:090][  0]LogD3D11RHI: Async texture creation enabled
[2021.12.03-09.02.07:090][  0]LogD3D11RHI: Array index from any shader is supported
[2021.12.03-09.02.07:102][  0]LogD3D11RHI: GPU Timing Frequency: 1000.000000 (Debug: 2 1)
[2021.12.03-09.02.07:121][  0]LogRHI: GeForceNow SDK initialized: 1
[2021.12.03-09.02.07:351][  0]LogTargetPlatformManager: Display: Loaded TargetPlatform 'AllDesktop'
[2021.12.03-09.02.07:367][  0]LogTargetPlatformManager: Display: Loaded TargetPlatform 'Android'
[2021.12.03-09.02.07:367][  0]LogTargetPlatformManager: Display: Loaded TargetPlatform 'Android_ASTC'
[2021.12.03-09.02.07:367][  0]LogTargetPlatformManager: Display: Loaded TargetPlatform 'Android_DXT'
[2021.12.03-09.02.07:367][  0]LogTargetPlatformManager: Display: Loaded TargetPlatform 'Android_ETC2'
[2021.12.03-09.02.07:367][  0]LogTargetPlatformManager: Display: Loaded TargetPlatform 'AndroidClient'
[2021.12.03-09.02.07:367][  0]LogTargetPlatformManager: Display: Loaded TargetPlatform 'Android_ASTCClient'
[2021.12.03-09.02.07:367][  0]LogTargetPlatformManager: Display: Loaded TargetPlatform 'Android_DXTClient'
[2021.12.03-09.02.07:367][  0]LogTargetPlatformManager: Display: Loaded TargetPlatform 'Android_ETC2Client'
[2021.12.03-09.02.07:367][  0]LogTargetPlatformManager: Display: Loaded TargetPlatform 'Android_Multi'
[2021.12.03-09.02.07:367][  0]LogTargetPlatformManager: Display: Loaded TargetPlatform 'Android_MultiClient'
[2021.12.03-09.02.07:380][  0]LogTargetPlatformManager: Display: Loaded TargetPlatform 'IOSClient'
[2021.12.03-09.02.07:380][  0]LogTargetPlatformManager: Display: Loaded TargetPlatform 'IOS'
[2021.12.03-09.02.07:387][  0]LogTargetPlatformManager: Display: Loaded TargetPlatform 'Linux'
[2021.12.03-09.02.07:391][  0]LogTargetPlatformManager: Display: Loaded TargetPlatform 'LinuxNoEditor'
[2021.12.03-09.02.07:394][  0]LogTargetPlatformManager: Display: Loaded TargetPlatform 'LinuxClient'
[2021.12.03-09.02.07:398][  0]LogTargetPlatformManager: Display: Loaded TargetPlatform 'LinuxServer'
[2021.12.03-09.02.07:404][  0]LogTargetPlatformManager: Display: Loaded TargetPlatform 'LinuxAArch64NoEditor'
[2021.12.03-09.02.07:408][  0]LogTargetPlatformManager: Display: Loaded TargetPlatform 'LinuxAArch64Client'
[2021.12.03-09.02.07:411][  0]LogTargetPlatformManager: Display: Loaded TargetPlatform 'LinuxAArch64Server'
[2021.12.03-09.02.07:432][  0]LogTargetPlatformManager: Display: Loaded TargetPlatform 'Lumin'
[2021.12.03-09.02.07:432][  0]LogTargetPlatformManager: Display: Loaded TargetPlatform 'LuminClient'
[2021.12.03-09.02.07:438][  0]LogTargetPlatformManager: Display: Loaded TargetPlatform 'MacNoEditor'
[2021.12.03-09.02.07:441][  0]LogTargetPlatformManager: Display: Loaded TargetPlatform 'Mac'
[2021.12.03-09.02.07:444][  0]LogTargetPlatformManager: Display: Loaded TargetPlatform 'MacClient'
[2021.12.03-09.02.07:447][  0]LogTargetPlatformManager: Display: Loaded TargetPlatform 'MacServer'
[2021.12.03-09.02.07:454][  0]LogTargetPlatformManager: Display: Loaded TargetPlatform 'TVOSClient'
[2021.12.03-09.02.07:454][  0]LogTargetPlatformManager: Display: Loaded TargetPlatform 'TVOS'
[2021.12.03-09.02.07:461][  0]LogTargetPlatformManager: Display: Loaded TargetPlatform 'WindowsNoEditor'
[2021.12.03-09.02.07:464][  0]LogTargetPlatformManager: Display: Loaded TargetPlatform 'Windows'
[2021.12.03-09.02.07:467][  0]LogTargetPlatformManager: Display: Loaded TargetPlatform 'WindowsClient'
[2021.12.03-09.02.07:470][  0]LogTargetPlatformManager: Display: Loaded TargetPlatform 'WindowsServer'
[2021.12.03-09.02.07:470][  0]LogTargetPlatformManager: Display: Building Assets For Windows
[2021.12.03-09.02.07:476][  0]LogAudioDebug: Display: Lib vorbis DLL was dynamically loaded.
[2021.12.03-09.02.07:499][  0]LogTextureFormatOodle: Display: Oodle Texture 2.9.0 init RDO Off
[2021.12.03-09.02.07:522][  0]LogRendererCore: Ray tracing is disabled. Reason: r.RayTracing=0.
[2021.12.03-09.02.07:522][  0]LogShaderCompilers: Guid format shader working directory is -10 characters bigger than the processId version (../../../../../../Users/htaurand/Documents/Projet 4/GT2_Gr2/Intermediate/Shaders/WorkingDirectory/7800/).
[2021.12.03-09.02.07:522][  0]LogShaderCompilers: Cleaned the shader compiler working directory 'C:/Users/htaurand/AppData/Local/Temp/UnrealShaderWorkingDir/69B112534ADFE768C0442390BEA9347F/'.
[2021.12.03-09.02.07:522][  0]LogXGEController: Cannot use XGE Controller as Incredibuild is not installed on this machine.
[2021.12.03-09.02.07:522][  0]LogShaderCompilers: Cannot use XGE Shader Compiler as Incredibuild is not installed on this machine.
[2021.12.03-09.02.07:522][  0]LogShaderCompilers: Display: Using Local Shader Compiler.
[2021.12.03-09.02.08:112][  0]LogDerivedDataCache: Display: Max Cache Size: 512 MB
[2021.12.03-09.02.08:155][  0]LogDerivedDataCache: Loaded boot cache 0.04s 96MB C:/Users/htaurand/AppData/Local/UnrealEngine/4.27/DerivedDataCache/Boot.ddc.
[2021.12.03-09.02.08:155][  0]LogDerivedDataCache: Display: Loaded Boot cache: C:/Users/htaurand/AppData/Local/UnrealEngine/4.27/DerivedDataCache/Boot.ddc
[2021.12.03-09.02.08:155][  0]LogDerivedDataCache: FDerivedDataBackendGraph:  Pak pak cache file ../../../../../../Users/htaurand/Documents/Projet 4/GT2_Gr2/DerivedDataCache/DDC.ddp not found, will not use a pak cache.
[2021.12.03-09.02.08:155][  0]LogDerivedDataCache: Unable to find inner node Pak for hierarchical cache Hierarchy.
[2021.12.03-09.02.08:155][  0]LogDerivedDataCache: FDerivedDataBackendGraph:  CompressedPak pak cache file ../../../../../../Users/htaurand/Documents/Projet 4/GT2_Gr2/DerivedDataCache/Compressed.ddp not found, will not use a pak cache.
[2021.12.03-09.02.08:155][  0]LogDerivedDataCache: Unable to find inner node CompressedPak for hierarchical cache Hierarchy.
[2021.12.03-09.02.08:168][  0]LogDerivedDataCache: Display: Pak cache opened for reading ../../../Engine/DerivedDataCache/Compressed.ddp.
[2021.12.03-09.02.08:168][  0]LogDerivedDataCache: FDerivedDataBackendGraph:  EnterprisePak pak cache file ../../../Enterprise/DerivedDataCache/Compressed.ddp not found, will not use a pak cache.
[2021.12.03-09.02.08:168][  0]LogDerivedDataCache: Unable to find inner node EnterprisePak for hierarchical cache Hierarchy.
[2021.12.03-09.02.08:173][  0]LogDerivedDataCache: Speed tests for C:/Users/htaurand/AppData/Local/UnrealEngine/Common/DerivedDataCache took 0.00 seconds
[2021.12.03-09.02.08:173][  0]LogDerivedDataCache: Display: Performance to C:/Users/htaurand/AppData/Local/UnrealEngine/Common/DerivedDataCache: Latency=0.02ms. RandomReadSpeed=2149.57MBs, RandomWriteSpeed=290.52MBs. Assigned SpeedClass 'Local'
[2021.12.03-09.02.08:173][  0]LogDerivedDataCache: Using Local data cache path C:/Users/htaurand/AppData/Local/UnrealEngine/Common/DerivedDataCache: Writable
[2021.12.03-09.02.08:173][  0]LogDerivedDataCache: Shared data cache path not found in *engine.ini, will not use an Shared cache.
[2021.12.03-09.02.08:173][  0]LogDerivedDataCache: Unable to find inner node Shared for hierarchical cache Hierarchy.
[2021.12.03-09.02.08:208][  0]LogSlate: Using FreeType 2.10.0
[2021.12.03-09.02.08:209][  0]LogSlate: SlateFontServices - WITH_FREETYPE: 1, WITH_HARFBUZZ: 1
[2021.12.03-09.02.08:226][  0]LogAssetRegistry: FAssetRegistry took 0.0019 seconds to start up
[2021.12.03-09.02.08:409][  0]LogInit: Selected Device Profile: [Windows]
[2021.12.03-09.02.08:409][  0]LogInit: Active device profile: [00000177B8502100][00000177B8C6A9C0 49] Windows
[2021.12.03-09.02.08:409][  0]LogInit: Profiles: [00000177B8502100][00000177B8C6A9C0 49] Windows, [00000177B848DF00][00000177B8C72B40 49] WindowsNoEditor, [00000177B8502200][00000177B8D2CCC0 49] WindowsServer, [00000177B848E200][00000177B9672E40 49] WindowsClient, [00000177B8501D00][00000177B9676FC0 49] IOS, [00000177B848FD00][00000177B967B140 49] iPadAir, [00000177B8501A00][00000177B967F2C0 49] iPadAir2, [00000177B82C1B00][00000177B968D580 49] IPadPro, [00000177B82C1C00][00000177B96835C0 49] iPadAir3, [00000177B8501E00][00000177B9697740 49] iPadAir4, [00000177B82C3C00][00000177B969B8C0 49] iPadMini2, [00000177B8500300][00000177B974FA40 49] iPadMini3, [00000177B82C0800][00000177B9753BC0 49] iPadMini4, [00000177B8501400][00000177B97A01C0 49] iPadMini5, [00000177B8301300][00000177B97A8480 49] iPhone6, [00000177B8301400][00000177B97A44C0 49] iPodTouch6, [00000177B848DE00][00000177B8C6E740 49] iPhone7, [00000177B848E300][00000177B97AC780 49] iPodTouch7, [00000177B8303500][00000177A8A568C0 49] iPhone5S, [00000177B848D600][00000177B97C4A00 49] iPhone6Plus, [00000177B8300600][00000177B7582B40 49] iPhone6S, [00000177B848E900][00000177B758ECC0 49] iPhone6SPlus, [00000177B8302300][00000177B76E8E40 49] iPhone7Plus, [00000177B848CC00][00000177B9950FC0 49] iPhoneSE, [00000177B8303D00][00000177B9955140 49] iPhone8, [00000177B848F000][00000177B99592C0 49] iPhone8Plus, [00000177B8303900][00000177B995D440 49] iPhoneX, [00000177B848E100][00000177B76ED5C0 49] iPhoneXS, [00000177B8303200][00000177B76F1740 49] iPhoneXSMax, [00000177B848CB00][00000177B76F58C0 49] iPhoneXR, [00000177B8302C00][00000177B76F9A40 49] iPhone11, [00000177B848FA00][00000177B76FDBC0 49] iPhone11Pro, [00000177B8302100][00000177B75921C0 49] iPhone11ProMax, [00000177B848FE00][00000177B7596340 49] iPhoneSE2, [00000177B8302F00][00000177B759A4C0 49] iPhone12Mini, [00000177B848E500][00000177B759E640 49] iPhone12, [00000177B8300C00][00000177B75A27C0 49] iPhone12Pro, [00000177B848FB00][00000177B75A6940 49] iPhone12ProMax, [00000177B8302A00][00000177B758AA80 49] iPadPro105, [00000177B848D700][00000177B75AABC0 49] iPadPro129, [00000177B8302500][00000177B75AED00 49] iPadPro97, [00000177B848EE00][00000177B75B6E80 49] iPadPro2_129, [00000177B8303100][00000177B75BB000 49] iPad5, [00000177B848C400][00000177B78D9180 49] iPad6, [00000177B82C2100][00000177B78DD300 49] iPad7, [00000177B8680E00][00000177B78E1480 49] iPad8, [00000177B82C0700][00000177B78E5600 49] iPadPro11, [00000177B8303800][00000177B78E9780 49] iPadPro2_11, [00000177B82C1200][00000177B78ED900 49] iPadPro3_129, [00000177B8302B00][00000177B78F1A80 49] iPadPro4_129, [00000177B82C1E00][00000177B78F5C00 49] AppleTV, [00000177B8301100][00000177B78F8200 49] AppleTV4K, [00000177B82C1F00][00000177B78FC380 49] TVOS, [00000177B8301C00][00000177B7900500 49] Mac, [00000177B82C2E00][00000177B7904680 49] MacClient, [00000177B848F900][00000177B7908800 49] MacNoEditor, [00000177B82C2800][00000177B790C980 49] MacServer, [00000177B848E800][00000177B8A34B00 49] Linux, [00000177B82C1900][00000177B75B2C40 49] LinuxAArch64, [00000177B848D000][00000177B8A38D80 49] LinuxNoEditor, [00000177B82C3200][00000177B8A3CEC0 49] LinuxAArch64NoEditor, [00000177B848D200][00000177B8A45040 49] LinuxClient, [00000177B82C2A00][00000177B8A491C0 49] LinuxAArch64Client, [00000177B848E700][00000177B8A4D340 49] LinuxServer, [00000177B82C1A00][00000177B8A514C0 49] LinuxAArch64Server, [00000177B848C700][00000177B8A55640 49] Android, [00000177B82C0200][00000177B8A597C0 49] Android_Low, [00000177B848DA00][00000177B8A5D940 49] Android_Mid, [00000177B82C0F00][00000177B8A61AC0 49] Android_High, [00000177B848C100][00000177B8A640C0 49] Android_Default, [00000177B82C3D00][00000177B8A68240 49] Android_Adreno4xx, [00000177B848DD00][00000177B8A6C3C0 49] Android_Adreno5xx_Low, [00000177B82C0100][00000177B8A70540 49] Android_Adreno5xx, [00000177B848E600][00000177B8A746C0 49] Android_Adreno6xx, [00000177B82C3700][00000177B8A78840 49] Android_Adreno6xx_Vulkan, [00000177B848C800][00000177B8A7C9C0 49] Android_Mali_T6xx, [00000177B82C1500][00000177B8A80B40 49] Android_Mali_T7xx, [00000177B848EF00][00000177B8A84CC0 49] Android_Mali_T8xx, [00000177B82C2400][00000177B8A40E00 49] Android_Mali_G71, [00000177B848F800][00000177B8A88F40 49] Android_Mali_G72, [00000177B82C2D00][00000177B8A8D080 49] Android_Mali_G72_Vulkan, [00000177B848D400][00000177B8A911C0 49] Android_Mali_G76, [00000177B82C0D00][00000177B8A99340 49] Android_Mali_G76_Vulkan, [00000177B848CD00][00000177B8A9D4C0 49] Android_Mali_G77, [00000177B82C2700][00000177B8AA1640 49] Android_Mali_G77_Vulkan, [00000177B848EC00][00000177B8AA57C0 49] Android_Mali_G78, [00000177B82C1100][00000177B8AA9940 49] Android_Mali_G78_Vulkan, [00000177B848D500][00000177B8AADAC0 49] Android_Mali_G710, [00000177B82C3E00][00000177B91500C0 49] Android_Mali_G710_Vulkan, [00000177B848F100][00000177B9154240 49] Android_Vulkan_SM5, [00000177B82C3A00][00000177B91583C0 49] Android_PowerVR_G6xxx, [00000177B848CF00][00000177B915C540 49] Android_PowerVR_GT7xxx, [00000177B82C3000][00000177B91606C0 49] Android_PowerVR_GE8xxx, [00000177B848D800][00000177B9164840 49] Android_PowerVR_GM9xxx, [00000177B8501200][00000177B91689C0 49] Android_PowerVR_GM9xxx_Vulkan, [00000177B8302900][00000177B916CB40 49] Android_TegraK1, [00000177B8501700][00000177B9170CC0 49] Android_Unknown_Vulkan, [00000177B8300A00][00000177B9174E40 49] Lumin, [00000177B8500900][00000177B8A94F80 49] Lumin_Desktop, [00000177B8301B00][00000177B91790C0 49] HoloLens, 
[2021.12.03-09.02.08:515][  0]LogMeshReduction: Using QuadricMeshReduction for automatic static mesh reduction
[2021.12.03-09.02.08:515][  0]LogMeshReduction: Using SimplygonMeshReduction for automatic skeletal mesh reduction
[2021.12.03-09.02.08:515][  0]LogMeshReduction: Using ProxyLODMeshReduction for automatic mesh merging
[2021.12.03-09.02.08:515][  0]LogMeshReduction: No distributed automatic mesh merging module available
[2021.12.03-09.02.08:515][  0]LogMeshMerging: No distributed automatic mesh merging module available
[2021.12.03-09.02.08:526][  0]LogNetVersion: GT2_Gr2 1.0.0, NetCL: 17155196, EngineNetVer: 17, GameNetVer: 0 (Checksum: 1021130850)
[2021.12.03-09.02.08:793][  0]LogTexture: Default maximum texture size for cubemaps generated from long-lat sources has been changed from 512 to unlimited. In order to preserve old behaiour for '/Engine/MapTemplates/Sky/DaylightAmbientCubemap.DaylightAmbientCubemap', its maximum texture size has been explicitly set to 512.
[2021.12.03-09.02.08:833][  0]LogHMD: PokeAHoleMaterial loaded successfully
[2021.12.03-09.02.08:838][  0]LogUObjectArray: 17178 objects as part of root set at end of initial load.
[2021.12.03-09.02.08:838][  0]LogUObjectAllocator: 4301856 out of 0 bytes used by permanent object pool.
[2021.12.03-09.02.08:838][  0]LogUObjectArray: CloseDisregardForGC: 0/0 objects in disregard for GC pool
[2021.12.03-09.02.09:022][  0]LogNiagaraDebuggerClient: Niagara Debugger Client Initialized | Session: 003C66A042190532236F90B345EFAF11 | Instance: 22AFC6814762DFE2BC251A8C671BDAD0 (GCFRLY162-7800).
[2021.12.03-09.02.09:112][  0]LogImageWrapper: Warning: PNG Warning: Duplicate iCCP chunk
[2021.12.03-09.02.09:112][  0]LogImageWrapper: Warning: PNG Warning: Duplicate iCCP chunk
[2021.12.03-09.02.09:119][  0]LogPython: Using Python 3.7.7
[2021.12.03-09.02.09:518][  0]LogUdpMessaging: Initializing bridge on interface 0.0.0.0:0 to multicast group 230.0.0.1:6666.
[2021.12.03-09.02.09:524][  0]LogTcpMessaging: Initializing TcpMessaging bridge
[2021.12.03-09.02.09:630][  0]SourceControl: Source control is disabled
[2021.12.03-09.02.09:630][  0]SourceControl: Source control is disabled
[2021.12.03-09.02.09:635][  0]SourceControl: Source control is disabled
[2021.12.03-09.02.09:637][  0]SourceControl: Source control is disabled
[2021.12.03-09.02.09:639][  0]SourceControl: Source control is disabled
[2021.12.03-09.02.09:645][  0]LogUProjectInfo: Found projects:
[2021.12.03-09.02.09:823][  0]LogOpenImageDenoise: OIDN starting up
[2021.12.03-09.02.09:847][  0]LogAndroidPermission: UAndroidPermissionCallbackProxy::GetInstance
[2021.12.03-09.02.09:861][  0]LogAudioCaptureCore: Display: No Audio Capture implementations found. Audio input will be silent.
[2021.12.03-09.02.09:861][  0]LogAudioCaptureCore: Display: No Audio Capture implementations found. Audio input will be silent.
[2021.12.03-09.02.09:972][  0]LogCollectionManager: Loaded 0 collections in 0.001461 seconds
[2021.12.03-09.02.09:991][  0]LogFileCache: Scanning file cache for directory 'C:/Users/htaurand/Documents/Projet 4/GT2_Gr2/Saved/Collections/' took 0.00s
[2021.12.03-09.02.09:991][  0]LogFileCache: Scanning file cache for directory 'C:/Users/htaurand/Documents/Projet 4/GT2_Gr2/Content/Developers/htaurand/Collections/' took 0.00s
[2021.12.03-09.02.09:991][  0]LogFileCache: Scanning file cache for directory 'C:/Users/htaurand/Documents/Projet 4/GT2_Gr2/Content/Collections/' took 0.00s
[2021.12.03-09.02.09:991][  0]LogOcInput: OculusInput pre-init called
[2021.12.03-09.02.10:150][  0]LogImageWrapper: Warning: PNG Warning: Duplicate iCCP chunk
[2021.12.03-09.02.10:150][  0]LogImageWrapper: Warning: PNG Warning: Duplicate iCCP chunk
[2021.12.03-09.02.10:150][  0]LogEngine: Initializing Engine...
[2021.12.03-09.02.10:151][  0]LogHMD: Failed to enumerate extensions. Please check that you have a valid OpenXR runtime installed.
[2021.12.03-09.02.10:151][  0]LogHMD: Failed to initialize OpenVR with code 110
[2021.12.03-09.02.10:151][  0]LogMagicLeap: Warning: VR disabled because ZI is not enabled.  To enable, in the editor, Edit -> Project Settings -> Plugins -> Magic Leap Plugin -> Enable Zero Iteration
[2021.12.03-09.02.10:152][  0]LogStats: UGameplayTagsManager::InitializeManager -  0.000 s
[2021.12.03-09.02.10:258][  0]LogInit: Initializing FReadOnlyCVARCache
[2021.12.03-09.02.10:264][  0]LogAIModule: Creating AISystem for world Untitled
[2021.12.03-09.02.10:271][  0]LogAudio: Display: Initializing Audio Device Manager...
[2021.12.03-09.02.10:274][  0]LogAudio: Display: Loading Default Audio Settings Objects...
[2021.12.03-09.02.10:274][  0]LogAudio: Display: No default SoundConcurrencyObject specified (or failed to load).
[2021.12.03-09.02.10:275][  0]LogAudio: Display: Audio Device Manager Initialized
[2021.12.03-09.02.10:275][  0]LogAudio: Display: Creating Audio Device:                 Id: 1, Scope: Shared, Realtime: True
[2021.12.03-09.02.10:275][  0]LogAudioMixer: Display: Audio Mixer Platform Settings:
[2021.12.03-09.02.10:275][  0]LogAudioMixer: Display: 	Sample Rate:						  48000
[2021.12.03-09.02.10:275][  0]LogAudioMixer: Display: 	Callback Buffer Frame Size Requested: 1024
[2021.12.03-09.02.10:275][  0]LogAudioMixer: Display: 	Callback Buffer Frame Size To Use:	  1024
[2021.12.03-09.02.10:275][  0]LogAudioMixer: Display: 	Number of buffers to queue:			  2
[2021.12.03-09.02.10:275][  0]LogAudioMixer: Display: 	Max Channels (voices):				  32
[2021.12.03-09.02.10:275][  0]LogAudioMixer: Display: 	Number of Async Source Workers:		  0
[2021.12.03-09.02.10:275][  0]LogAudio: Display: AudioDevice MaxSources: 32
[2021.12.03-09.02.10:275][  0]LogAudio: Display: Audio Spatialization Plugin: None (built-in).
[2021.12.03-09.02.10:275][  0]LogAudio: Display: Audio Reverb Plugin: None (built-in).
[2021.12.03-09.02.10:275][  0]LogAudio: Display: Audio Occlusion Plugin: None (built-in).
[2021.12.03-09.02.10:275][  0]LogAudioMixer: Display: Initializing audio mixer.
[2021.12.03-09.02.10:284][  0]LogAudioMixer: Display: 0: FrontLeft
[2021.12.03-09.02.10:284][  0]LogAudioMixer: Display: 1: FrontRight
[2021.12.03-09.02.10:296][  0]LogAudioMixer: Display: Using Audio Device OMEN by HP 25 (NVIDIA High Definition Audio)
[2021.12.03-09.02.10:301][  0]LogAudioMixer: Display: Initializing Sound Submixes...
[2021.12.03-09.02.10:303][  0]LogAudioMixer: Display: Creating Master Submix 'MasterSubmixDefault'
[2021.12.03-09.02.10:303][  0]LogAudioMixer: Display: Creating Master Submix 'MasterReverbSubmixDefault'
[2021.12.03-09.02.10:303][  0]LogAudioMixer: Display: Creating Master Submix 'MasterEQSubmixDefault'
[2021.12.03-09.02.10:303][  0]LogAudioMixer: FMixerPlatformXAudio2::StartAudioStream() called
[2021.12.03-09.02.10:303][  0]LogAudioMixer: Display: Output buffers initialized: Frames=1024, Channels=2, Samples=2048
[2021.12.03-09.02.10:304][  0]LogAudioMixer: Display: Starting AudioMixerPlatformInterface::RunInternal()
[2021.12.03-09.02.10:304][  0]LogAudioMixer: Display: FMixerPlatformXAudio2::SubmitBuffer() called for the first time
[2021.12.03-09.02.10:304][  0]LogInit: FAudioDevice initialized.
[2021.12.03-09.02.10:304][  0]LogAudio: Display: Audio Device (ID: 1) registered with world 'Untitled'.
[2021.12.03-09.02.10:304][  0]LogNetVersion: Set ProjectVersion to 1.0.0.0. Version Checksum will be recalculated on next use.
[2021.12.03-09.02.10:343][  0]LogDerivedDataCache: Saved boot cache 0.04s 94MB C:/Users/htaurand/AppData/Local/UnrealEngine/4.27/DerivedDataCache/Boot.ddc.
[2021.12.03-09.02.10:346][  0]LogInit: Texture streaming: Enabled
[2021.12.03-09.02.10:355][  0]LogAnalytics: Display: [UEEditor.Rocket.Release] APIServer = https://datarouter.ol.epicgames.com/. AppVersion = 4.27.1-17735300+++UE4+Release-4.27
[2021.12.03-09.02.10:358][  0]LogEngineSessionManager: EngineSessionManager initialized
[2021.12.03-09.02.10:358][  0]LogEditorSessionSummary: Verbose: Initializing EditorSessionSummaryWriter for editor session tracking
[2021.12.03-09.02.10:359][  0]LogEditorSessionSummary: EditorSessionSummaryWriter initialized
[2021.12.03-09.02.10:369][  0]LogInit: Transaction tracking system initialized
[2021.12.03-09.02.10:384][  0]BlueprintLog: New page: Editor Load
[2021.12.03-09.02.10:439][  0]LocalizationService: Localization service is disabled
[2021.12.03-09.02.10:460][  0]TimingProfiler: Initialize
[2021.12.03-09.02.10:460][  0]TimingProfiler: OnSessionChanged
[2021.12.03-09.02.10:460][  0]LoadingProfiler: Initialize
[2021.12.03-09.02.10:461][  0]LoadingProfiler: OnSessionChanged
[2021.12.03-09.02.10:461][  0]NetworkingProfiler: Initialize
[2021.12.03-09.02.10:461][  0]NetworkingProfiler: OnSessionChanged
[2021.12.03-09.02.10:461][  0]MemoryProfiler: Initialize
[2021.12.03-09.02.10:461][  0]MemoryProfiler: OnSessionChanged
[2021.12.03-09.02.10:579][  0]LogCook: Display: CookSettings for Memory: MemoryMaxUsedVirtual 0MiB, MemoryMaxUsedPhysical 16384MiB, MemoryMinFreeVirtual 0MiB, MemoryMinFreePhysical 1024MiB
[2021.12.03-09.02.10:579][  0]LogCook: Display: Mobile HDR setting 1
[2021.12.03-09.02.10:716][  0]LogFileCache: Scanning file cache for directory 'C:/Users/htaurand/Documents/Projet 4/GT2_Gr2/Content/' took 0.00s
[2021.12.03-09.02.10:845][  0]LogImageWrapper: Warning: PNG Warning: Duplicate iCCP chunk
[2021.12.03-09.02.10:845][  0]LogImageWrapper: Warning: PNG Warning: Duplicate iCCP chunk
[2021.12.03-09.02.10:845][  0]LogInit: Display: Engine is initialized. Leaving FEngineLoop::Init()
[2021.12.03-09.02.10:847][  0]SourceControl: Source control is disabled
[2021.12.03-09.02.10:848][  0]LogUnrealEdMisc: Loading editor; pre map load, took 4.957
[2021.12.03-09.02.10:848][  0]Cmd: MAP LOAD FILE="../../../../../../Users/htaurand/Documents/Projet 4/GT2_Gr2/Content/FirstPersonBP/Maps/FirstPersonExampleMap.umap" TEMPLATE=0 SHOWPROGRESS=1 FEATURELEVEL=3
[2021.12.03-09.02.10:848][  0]LightingResults: New page: Lighting Build
[2021.12.03-09.02.10:849][  0]LogWorld: UWorld::CleanupWorld for Untitled, bSessionEnded=true, bCleanupResources=true
[2021.12.03-09.02.10:849][  0]LogSlate: InvalidateAllWidgets triggered.  All widgets were invalidated
[2021.12.03-09.02.10:849][  0]MapCheck: New page: Map Check
[2021.12.03-09.02.10:849][  0]LightingResults: New page: Lighting Build
[2021.12.03-09.02.10:852][  0]LogAudio: Display: Audio Device unregistered from world 'None'.
[2021.12.03-09.02.10:854][  0]LogUObjectHash: Compacting FUObjectHashTables data took   0.55ms
[2021.12.03-09.02.10:991][  0]LogTexture: Display: Building textures: DeprecatedTexture4E9A31EC459F824B7293D9A5960F381F (BGRA8, 128X128)
[2021.12.03-09.02.11:036][  0]LogAudio: Display: Audio Device (ID: 1) registered with world 'FirstPersonExampleMap'.
[2021.12.03-09.02.11:037][  0]LogAIModule: Creating AISystem for world FirstPersonExampleMap
[2021.12.03-09.02.11:042][  0]LogEditorServer: Finished looking for orphan Actors (0.000 secs)
[2021.12.03-09.02.11:050][  0]LogUObjectHash: Compacting FUObjectHashTables data took   0.62ms
[2021.12.03-09.02.11:051][  0]Cmd: MAP CHECKDEP NOCLEARLOG
[2021.12.03-09.02.11:051][  0]MapCheck: Map check complete: 0 Error(s), 0 Warning(s), took 0,151ms to complete.
[2021.12.03-09.02.11:051][  0]LogFileHelpers: Loading map 'FirstPersonExampleMap' took 0.203
[2021.12.03-09.02.11:052][  0]LogUnrealEdMisc: Total Editor Startup Time, took 5.161
[2021.12.03-09.02.11:133][  0]LogSlate: Updating window title bar state: overlay mode, drag disabled, window buttons hidden, title bar hidden
[2021.12.03-09.02.11:137][  0]LogSlate: Updating window title bar state: overlay mode, drag disabled, window buttons hidden, title bar hidden
[2021.12.03-09.02.11:142][  0]LogSlate: Updating window title bar state: overlay mode, drag disabled, window buttons hidden, title bar hidden
[2021.12.03-09.02.11:146][  0]LogSlate: Updating window title bar state: overlay mode, drag disabled, window buttons hidden, title bar hidden
[2021.12.03-09.02.11:156][  0]LogNativeClassHierarchy: Verbose: Native class hierarchy populated in 0.0077 seconds. Added 3822 classes and 928 folders.
[2021.12.03-09.02.11:158][  0]LogNativeClassHierarchy: Verbose: Native class hierarchy updated for 'WidgetCarousel' in 0.0002 seconds. Added 0 classes and 0 folders.
[2021.12.03-09.02.11:159][  0]LogPakFile: PakFile PrimaryIndexSize=187
[2021.12.03-09.02.11:159][  0]LogPakFile: PakFile PathHashIndexSize=101
[2021.12.03-09.02.11:159][  0]LogPakFile: PakFile FullDirectoryIndexSize=148
[2021.12.03-09.02.11:159][  0]LogShaderLibrary: Display: ShaderCodeLibraryPakFileMountedCallback: PakFile 'C:/Program Files/Epic Games/UE_4.27/FeaturePacks/FP_FirstPerson.upack' (chunk index -1, root 'root:/') mounted
[2021.12.03-09.02.11:159][  0]LogShaderLibrary: Display: ShaderCodeLibraryPakFileMountedCallback: pending pak file info (ChunkID:-1 Root:root:/ File:C:/Program Files/Epic Games/UE_4.27/FeaturePacks/FP_FirstPerson.upack)
[2021.12.03-09.02.11:159][  0]LogPakFile: OnPakFileMounted2Time == 0.000038
[2021.12.03-09.02.11:160][  0]LogPakFile: PakFile PrimaryIndexSize=189
[2021.12.03-09.02.11:160][  0]LogPakFile: PakFile PathHashIndexSize=101
[2021.12.03-09.02.11:160][  0]LogPakFile: PakFile FullDirectoryIndexSize=152
[2021.12.03-09.02.11:160][  0]LogShaderLibrary: Display: ShaderCodeLibraryPakFileMountedCallback: PakFile 'C:/Program Files/Epic Games/UE_4.27/FeaturePacks/FP_FirstPersonBP.upack' (chunk index -1, root 'root:/') mounted
[2021.12.03-09.02.11:160][  0]LogShaderLibrary: Display: ShaderCodeLibraryPakFileMountedCallback: pending pak file info (ChunkID:-1 Root:root:/ File:C:/Program Files/Epic Games/UE_4.27/FeaturePacks/FP_FirstPersonBP.upack)
[2021.12.03-09.02.11:160][  0]LogPakFile: OnPakFileMounted2Time == 0.000034
[2021.12.03-09.02.11:160][  0]LogPakFile: PakFile PrimaryIndexSize=191
[2021.12.03-09.02.11:160][  0]LogPakFile: PakFile PathHashIndexSize=101
[2021.12.03-09.02.11:160][  0]LogPakFile: PakFile FullDirectoryIndexSize=160
[2021.12.03-09.02.11:160][  0]LogShaderLibrary: Display: ShaderCodeLibraryPakFileMountedCallback: PakFile 'C:/Program Files/Epic Games/UE_4.27/FeaturePacks/MobileStarterContent.upack' (chunk index -1, root 'root:/') mounted
[2021.12.03-09.02.11:160][  0]LogShaderLibrary: Display: ShaderCodeLibraryPakFileMountedCallback: pending pak file info (ChunkID:-1 Root:root:/ File:C:/Program Files/Epic Games/UE_4.27/FeaturePacks/MobileStarterContent.upack)
[2021.12.03-09.02.11:160][  0]LogPakFile: OnPakFileMounted2Time == 0.000023
[2021.12.03-09.02.11:160][  0]LogPakFile: PakFile PrimaryIndexSize=185
[2021.12.03-09.02.11:160][  0]LogPakFile: PakFile PathHashIndexSize=101
[2021.12.03-09.02.11:160][  0]LogPakFile: PakFile FullDirectoryIndexSize=148
[2021.12.03-09.02.11:160][  0]LogShaderLibrary: Display: ShaderCodeLibraryPakFileMountedCallback: PakFile 'C:/Program Files/Epic Games/UE_4.27/FeaturePacks/StarterContent.upack' (chunk index -1, root 'root:/') mounted
[2021.12.03-09.02.11:160][  0]LogShaderLibrary: Display: ShaderCodeLibraryPakFileMountedCallback: pending pak file info (ChunkID:-1 Root:root:/ File:C:/Program Files/Epic Games/UE_4.27/FeaturePacks/StarterContent.upack)
[2021.12.03-09.02.11:160][  0]LogPakFile: OnPakFileMounted2Time == 0.000024
[2021.12.03-09.02.11:161][  0]LogPakFile: PakFile PrimaryIndexSize=190
[2021.12.03-09.02.11:161][  0]LogPakFile: PakFile PathHashIndexSize=101
[2021.12.03-09.02.11:161][  0]LogPakFile: PakFile FullDirectoryIndexSize=154
[2021.12.03-09.02.11:161][  0]LogShaderLibrary: Display: ShaderCodeLibraryPakFileMountedCallback: PakFile 'C:/Program Files/Epic Games/UE_4.27/FeaturePacks/TP_2DSideScroller.upack' (chunk index -1, root 'root:/') mounted
[2021.12.03-09.02.11:161][  0]LogShaderLibrary: Display: ShaderCodeLibraryPakFileMountedCallback: pending pak file info (ChunkID:-1 Root:root:/ File:C:/Program Files/Epic Games/UE_4.27/FeaturePacks/TP_2DSideScroller.upack)
[2021.12.03-09.02.11:161][  0]LogPakFile: OnPakFileMounted2Time == 0.000022
[2021.12.03-09.02.11:161][  0]LogPakFile: PakFile PrimaryIndexSize=192
[2021.12.03-09.02.11:161][  0]LogPakFile: PakFile PathHashIndexSize=101
[2021.12.03-09.02.11:161][  0]LogPakFile: PakFile FullDirectoryIndexSize=158
[2021.12.03-09.02.11:161][  0]LogShaderLibrary: Display: ShaderCodeLibraryPakFileMountedCallback: PakFile 'C:/Program Files/Epic Games/UE_4.27/FeaturePacks/TP_2DSideScrollerBP.upack' (chunk index -1, root 'root:/') mounted
[2021.12.03-09.02.11:161][  0]LogShaderLibrary: Display: ShaderCodeLibraryPakFileMountedCallback: pending pak file info (ChunkID:-1 Root:root:/ File:C:/Program Files/Epic Games/UE_4.27/FeaturePacks/TP_2DSideScrollerBP.upack)
[2021.12.03-09.02.11:161][  0]LogPakFile: OnPakFileMounted2Time == 0.000021
[2021.12.03-09.02.11:161][  0]LogPakFile: PakFile PrimaryIndexSize=182
[2021.12.03-09.02.11:161][  0]LogPakFile: PakFile PathHashIndexSize=101
[2021.12.03-09.02.11:161][  0]LogPakFile: PakFile FullDirectoryIndexSize=138
[2021.12.03-09.02.11:161][  0]LogShaderLibrary: Display: ShaderCodeLibraryPakFileMountedCallback: PakFile 'C:/Program Files/Epic Games/UE_4.27/FeaturePacks/TP_Flying.upack' (chunk index -1, root 'root:/') mounted
[2021.12.03-09.02.11:161][  0]LogShaderLibrary: Display: ShaderCodeLibraryPakFileMountedCallback: pending pak file info (ChunkID:-1 Root:root:/ File:C:/Program Files/Epic Games/UE_4.27/FeaturePacks/TP_Flying.upack)
[2021.12.03-09.02.11:161][  0]LogPakFile: OnPakFileMounted2Time == 0.000023
[2021.12.03-09.02.11:162][  0]LogPakFile: PakFile PrimaryIndexSize=184
[2021.12.03-09.02.11:162][  0]LogPakFile: PakFile PathHashIndexSize=101
[2021.12.03-09.02.11:162][  0]LogPakFile: PakFile FullDirectoryIndexSize=142
[2021.12.03-09.02.11:162][  0]LogShaderLibrary: Display: ShaderCodeLibraryPakFileMountedCallback: PakFile 'C:/Program Files/Epic Games/UE_4.27/FeaturePacks/TP_FlyingBP.upack' (chunk index -1, root 'root:/') mounted
[2021.12.03-09.02.11:162][  0]LogShaderLibrary: Display: ShaderCodeLibraryPakFileMountedCallback: pending pak file info (ChunkID:-1 Root:root:/ File:C:/Program Files/Epic Games/UE_4.27/FeaturePacks/TP_FlyingBP.upack)
[2021.12.03-09.02.11:162][  0]LogPakFile: OnPakFileMounted2Time == 0.000021
[2021.12.03-09.02.11:162][  0]LogPakFile: PakFile PrimaryIndexSize=188
[2021.12.03-09.02.11:162][  0]LogPakFile: PakFile PathHashIndexSize=101
[2021.12.03-09.02.11:162][  0]LogPakFile: PakFile FullDirectoryIndexSize=150
[2021.12.03-09.02.11:162][  0]LogShaderLibrary: Display: ShaderCodeLibraryPakFileMountedCallback: PakFile 'C:/Program Files/Epic Games/UE_4.27/FeaturePacks/TP_HandheldARBP.upack' (chunk index -1, root 'root:/') mounted
[2021.12.03-09.02.11:162][  0]LogShaderLibrary: Display: ShaderCodeLibraryPakFileMountedCallback: pending pak file info (ChunkID:-1 Root:root:/ File:C:/Program Files/Epic Games/UE_4.27/FeaturePacks/TP_HandheldARBP.upack)
[2021.12.03-09.02.11:162][  0]LogPakFile: OnPakFileMounted2Time == 0.000022
[2021.12.03-09.02.11:162][  0]LogPakFile: PakFile PrimaryIndexSize=182
[2021.12.03-09.02.11:162][  0]LogPakFile: PakFile PathHashIndexSize=101
[2021.12.03-09.02.11:162][  0]LogPakFile: PakFile FullDirectoryIndexSize=138
[2021.12.03-09.02.11:162][  0]LogShaderLibrary: Display: ShaderCodeLibraryPakFileMountedCallback: PakFile 'C:/Program Files/Epic Games/UE_4.27/FeaturePacks/TP_Puzzle.upack' (chunk index -1, root 'root:/') mounted
[2021.12.03-09.02.11:162][  0]LogShaderLibrary: Display: ShaderCodeLibraryPakFileMountedCallback: pending pak file info (ChunkID:-1 Root:root:/ File:C:/Program Files/Epic Games/UE_4.27/FeaturePacks/TP_Puzzle.upack)
[2021.12.03-09.02.11:162][  0]LogPakFile: OnPakFileMounted2Time == 0.000022
[2021.12.03-09.02.11:163][  0]LogPakFile: PakFile PrimaryIndexSize=184
[2021.12.03-09.02.11:163][  0]LogPakFile: PakFile PathHashIndexSize=101
[2021.12.03-09.02.11:163][  0]LogPakFile: PakFile FullDirectoryIndexSize=142
[2021.12.03-09.02.11:163][  0]LogShaderLibrary: Display: ShaderCodeLibraryPakFileMountedCallback: PakFile 'C:/Program Files/Epic Games/UE_4.27/FeaturePacks/TP_PuzzleBP.upack' (chunk index -1, root 'root:/') mounted
[2021.12.03-09.02.11:163][  0]LogShaderLibrary: Display: ShaderCodeLibraryPakFileMountedCallback: pending pak file info (ChunkID:-1 Root:root:/ File:C:/Program Files/Epic Games/UE_4.27/FeaturePacks/TP_PuzzleBP.upack)
[2021.12.03-09.02.11:163][  0]LogPakFile: OnPakFileMounted2Time == 0.000023
[2021.12.03-09.02.11:163][  0]LogPakFile: PakFile PrimaryIndexSize=183
[2021.12.03-09.02.11:163][  0]LogPakFile: PakFile PathHashIndexSize=101
[2021.12.03-09.02.11:163][  0]LogPakFile: PakFile FullDirectoryIndexSize=140
[2021.12.03-09.02.11:163][  0]LogShaderLibrary: Display: ShaderCodeLibraryPakFileMountedCallback: PakFile 'C:/Program Files/Epic Games/UE_4.27/FeaturePacks/TP_Rolling.upack' (chunk index -1, root 'root:/') mounted
[2021.12.03-09.02.11:163][  0]LogShaderLibrary: Display: ShaderCodeLibraryPakFileMountedCallback: pending pak file info (ChunkID:-1 Root:root:/ File:C:/Program Files/Epic Games/UE_4.27/FeaturePacks/TP_Rolling.upack)
[2021.12.03-09.02.11:163][  0]LogPakFile: OnPakFileMounted2Time == 0.000021
[2021.12.03-09.02.11:163][  0]LogPakFile: PakFile PrimaryIndexSize=185
[2021.12.03-09.02.11:163][  0]LogPakFile: PakFile PathHashIndexSize=101
[2021.12.03-09.02.11:163][  0]LogPakFile: PakFile FullDirectoryIndexSize=144
[2021.12.03-09.02.11:163][  0]LogShaderLibrary: Display: ShaderCodeLibraryPakFileMountedCallback: PakFile 'C:/Program Files/Epic Games/UE_4.27/FeaturePacks/TP_RollingBP.upack' (chunk index -1, root 'root:/') mounted
[2021.12.03-09.02.11:163][  0]LogShaderLibrary: Display: ShaderCodeLibraryPakFileMountedCallback: pending pak file info (ChunkID:-1 Root:root:/ File:C:/Program Files/Epic Games/UE_4.27/FeaturePacks/TP_RollingBP.upack)
[2021.12.03-09.02.11:163][  0]LogPakFile: OnPakFileMounted2Time == 0.000021
[2021.12.03-09.02.11:164][  0]LogPakFile: PakFile PrimaryIndexSize=188
[2021.12.03-09.02.11:164][  0]LogPakFile: PakFile PathHashIndexSize=101
[2021.12.03-09.02.11:164][  0]LogPakFile: PakFile FullDirectoryIndexSize=150
[2021.12.03-09.02.11:164][  0]LogShaderLibrary: Display: ShaderCodeLibraryPakFileMountedCallback: PakFile 'C:/Program Files/Epic Games/UE_4.27/FeaturePacks/TP_SideScroller.upack' (chunk index -1, root 'root:/') mounted
[2021.12.03-09.02.11:164][  0]LogShaderLibrary: Display: ShaderCodeLibraryPakFileMountedCallback: pending pak file info (ChunkID:-1 Root:root:/ File:C:/Program Files/Epic Games/UE_4.27/FeaturePacks/TP_SideScroller.upack)
[2021.12.03-09.02.11:164][  0]LogPakFile: OnPakFileMounted2Time == 0.000021
[2021.12.03-09.02.11:164][  0]LogPakFile: PakFile PrimaryIndexSize=190
[2021.12.03-09.02.11:164][  0]LogPakFile: PakFile PathHashIndexSize=101
[2021.12.03-09.02.11:164][  0]LogPakFile: PakFile FullDirectoryIndexSize=154
[2021.12.03-09.02.11:164][  0]LogShaderLibrary: Display: ShaderCodeLibraryPakFileMountedCallback: PakFile 'C:/Program Files/Epic Games/UE_4.27/FeaturePacks/TP_SideScrollerBP.upack' (chunk index -1, root 'root:/') mounted
[2021.12.03-09.02.11:164][  0]LogShaderLibrary: Display: ShaderCodeLibraryPakFileMountedCallback: pending pak file info (ChunkID:-1 Root:root:/ File:C:/Program Files/Epic Games/UE_4.27/FeaturePacks/TP_SideScrollerBP.upack)
[2021.12.03-09.02.11:164][  0]LogPakFile: OnPakFileMounted2Time == 0.000021
[2021.12.03-09.02.11:164][  0]LogPakFile: PakFile PrimaryIndexSize=187
[2021.12.03-09.02.11:164][  0]LogPakFile: PakFile PathHashIndexSize=101
[2021.12.03-09.02.11:164][  0]LogPakFile: PakFile FullDirectoryIndexSize=148
[2021.12.03-09.02.11:164][  0]LogShaderLibrary: Display: ShaderCodeLibraryPakFileMountedCallback: PakFile 'C:/Program Files/Epic Games/UE_4.27/FeaturePacks/TP_ThirdPerson.upack' (chunk index -1, root 'root:/') mounted
[2021.12.03-09.02.11:164][  0]LogShaderLibrary: Display: ShaderCodeLibraryPakFileMountedCallback: pending pak file info (ChunkID:-1 Root:root:/ File:C:/Program Files/Epic Games/UE_4.27/FeaturePacks/TP_ThirdPerson.upack)
[2021.12.03-09.02.11:164][  0]LogPakFile: OnPakFileMounted2Time == 0.000022
[2021.12.03-09.02.11:165][  0]LogPakFile: PakFile PrimaryIndexSize=189
[2021.12.03-09.02.11:165][  0]LogPakFile: PakFile PathHashIndexSize=101
[2021.12.03-09.02.11:165][  0]LogPakFile: PakFile FullDirectoryIndexSize=152
[2021.12.03-09.02.11:165][  0]LogShaderLibrary: Display: ShaderCodeLibraryPakFileMountedCallback: PakFile 'C:/Program Files/Epic Games/UE_4.27/FeaturePacks/TP_ThirdPersonBP.upack' (chunk index -1, root 'root:/') mounted
[2021.12.03-09.02.11:165][  0]LogShaderLibrary: Display: ShaderCodeLibraryPakFileMountedCallback: pending pak file info (ChunkID:-1 Root:root:/ File:C:/Program Files/Epic Games/UE_4.27/FeaturePacks/TP_ThirdPersonBP.upack)
[2021.12.03-09.02.11:165][  0]LogPakFile: OnPakFileMounted2Time == 0.000021
[2021.12.03-09.02.11:165][  0]LogPakFile: PakFile PrimaryIndexSize=183
[2021.12.03-09.02.11:165][  0]LogPakFile: PakFile PathHashIndexSize=101
[2021.12.03-09.02.11:165][  0]LogPakFile: PakFile FullDirectoryIndexSize=140
[2021.12.03-09.02.11:165][  0]LogShaderLibrary: Display: ShaderCodeLibraryPakFileMountedCallback: PakFile 'C:/Program Files/Epic Games/UE_4.27/FeaturePacks/TP_TopDown.upack' (chunk index -1, root 'root:/') mounted
[2021.12.03-09.02.11:165][  0]LogShaderLibrary: Display: ShaderCodeLibraryPakFileMountedCallback: pending pak file info (ChunkID:-1 Root:root:/ File:C:/Program Files/Epic Games/UE_4.27/FeaturePacks/TP_TopDown.upack)
[2021.12.03-09.02.11:165][  0]LogPakFile: OnPakFileMounted2Time == 0.000026
[2021.12.03-09.02.11:165][  0]LogPakFile: PakFile PrimaryIndexSize=185
[2021.12.03-09.02.11:165][  0]LogPakFile: PakFile PathHashIndexSize=101
[2021.12.03-09.02.11:165][  0]LogPakFile: PakFile FullDirectoryIndexSize=144
[2021.12.03-09.02.11:165][  0]LogShaderLibrary: Display: ShaderCodeLibraryPakFileMountedCallback: PakFile 'C:/Program Files/Epic Games/UE_4.27/FeaturePacks/TP_TopDownBP.upack' (chunk index -1, root 'root:/') mounted
[2021.12.03-09.02.11:165][  0]LogShaderLibrary: Display: ShaderCodeLibraryPakFileMountedCallback: pending pak file info (ChunkID:-1 Root:root:/ File:C:/Program Files/Epic Games/UE_4.27/FeaturePacks/TP_TopDownBP.upack)
[2021.12.03-09.02.11:165][  0]LogPakFile: OnPakFileMounted2Time == 0.000022
[2021.12.03-09.02.11:166][  0]LogPakFile: PakFile PrimaryIndexSize=185
[2021.12.03-09.02.11:166][  0]LogPakFile: PakFile PathHashIndexSize=101
[2021.12.03-09.02.11:166][  0]LogPakFile: PakFile FullDirectoryIndexSize=144
[2021.12.03-09.02.11:166][  0]LogShaderLibrary: Display: ShaderCodeLibraryPakFileMountedCallback: PakFile 'C:/Program Files/Epic Games/UE_4.27/FeaturePacks/TP_TwinStick.upack' (chunk index -1, root 'root:/') mounted
[2021.12.03-09.02.11:166][  0]LogShaderLibrary: Display: ShaderCodeLibraryPakFileMountedCallback: pending pak file info (ChunkID:-1 Root:root:/ File:C:/Program Files/Epic Games/UE_4.27/FeaturePacks/TP_TwinStick.upack)
[2021.12.03-09.02.11:166][  0]LogPakFile: OnPakFileMounted2Time == 0.000021
[2021.12.03-09.02.11:166][  0]LogPakFile: PakFile PrimaryIndexSize=187
[2021.12.03-09.02.11:166][  0]LogPakFile: PakFile PathHashIndexSize=101
[2021.12.03-09.02.11:166][  0]LogPakFile: PakFile FullDirectoryIndexSize=148
[2021.12.03-09.02.11:166][  0]LogShaderLibrary: Display: ShaderCodeLibraryPakFileMountedCallback: PakFile 'C:/Program Files/Epic Games/UE_4.27/FeaturePacks/TP_TwinStickBP.upack' (chunk index -1, root 'root:/') mounted
[2021.12.03-09.02.11:166][  0]LogShaderLibrary: Display: ShaderCodeLibraryPakFileMountedCallback: pending pak file info (ChunkID:-1 Root:root:/ File:C:/Program Files/Epic Games/UE_4.27/FeaturePacks/TP_TwinStickBP.upack)
[2021.12.03-09.02.11:166][  0]LogPakFile: OnPakFileMounted2Time == 0.000021
[2021.12.03-09.02.11:166][  0]LogPakFile: PakFile PrimaryIndexSize=183
[2021.12.03-09.02.11:166][  0]LogPakFile: PakFile PathHashIndexSize=101
[2021.12.03-09.02.11:166][  0]LogPakFile: PakFile FullDirectoryIndexSize=140
[2021.12.03-09.02.11:166][  0]LogShaderLibrary: Display: ShaderCodeLibraryPakFileMountedCallback: PakFile 'C:/Program Files/Epic Games/UE_4.27/FeaturePacks/TP_Vehicle.upack' (chunk index -1, root 'root:/') mounted
[2021.12.03-09.02.11:166][  0]LogShaderLibrary: Display: ShaderCodeLibraryPakFileMountedCallback: pending pak file info (ChunkID:-1 Root:root:/ File:C:/Program Files/Epic Games/UE_4.27/FeaturePacks/TP_Vehicle.upack)
[2021.12.03-09.02.11:166][  0]LogPakFile: OnPakFileMounted2Time == 0.000023
[2021.12.03-09.02.11:167][  0]LogPakFile: PakFile PrimaryIndexSize=186
[2021.12.03-09.02.11:167][  0]LogPakFile: PakFile PathHashIndexSize=101
[2021.12.03-09.02.11:167][  0]LogPakFile: PakFile FullDirectoryIndexSize=146
[2021.12.03-09.02.11:167][  0]LogShaderLibrary: Display: ShaderCodeLibraryPakFileMountedCallback: PakFile 'C:/Program Files/Epic Games/UE_4.27/FeaturePacks/TP_VehicleAdv.upack' (chunk index -1, root 'root:/') mounted
[2021.12.03-09.02.11:167][  0]LogShaderLibrary: Display: ShaderCodeLibraryPakFileMountedCallback: pending pak file info (ChunkID:-1 Root:root:/ File:C:/Program Files/Epic Games/UE_4.27/FeaturePacks/TP_VehicleAdv.upack)
[2021.12.03-09.02.11:167][  0]LogPakFile: OnPakFileMounted2Time == 0.000022
[2021.12.03-09.02.11:167][  0]LogPakFile: PakFile PrimaryIndexSize=188
[2021.12.03-09.02.11:167][  0]LogPakFile: PakFile PathHashIndexSize=101
[2021.12.03-09.02.11:167][  0]LogPakFile: PakFile FullDirectoryIndexSize=150
[2021.12.03-09.02.11:167][  0]LogShaderLibrary: Display: ShaderCodeLibraryPakFileMountedCallback: PakFile 'C:/Program Files/Epic Games/UE_4.27/FeaturePacks/TP_VehicleAdvBP.upack' (chunk index -1, root 'root:/') mounted
[2021.12.03-09.02.11:167][  0]LogShaderLibrary: Display: ShaderCodeLibraryPakFileMountedCallback: pending pak file info (ChunkID:-1 Root:root:/ File:C:/Program Files/Epic Games/UE_4.27/FeaturePacks/TP_VehicleAdvBP.upack)
[2021.12.03-09.02.11:167][  0]LogPakFile: OnPakFileMounted2Time == 0.000021
[2021.12.03-09.02.11:167][  0]LogPakFile: PakFile PrimaryIndexSize=185
[2021.12.03-09.02.11:167][  0]LogPakFile: PakFile PathHashIndexSize=101
[2021.12.03-09.02.11:167][  0]LogPakFile: PakFile FullDirectoryIndexSize=144
[2021.12.03-09.02.11:167][  0]LogShaderLibrary: Display: ShaderCodeLibraryPakFileMountedCallback: PakFile 'C:/Program Files/Epic Games/UE_4.27/FeaturePacks/TP_VehicleBP.upack' (chunk index -1, root 'root:/') mounted
[2021.12.03-09.02.11:167][  0]LogShaderLibrary: Display: ShaderCodeLibraryPakFileMountedCallback: pending pak file info (ChunkID:-1 Root:root:/ File:C:/Program Files/Epic Games/UE_4.27/FeaturePacks/TP_VehicleBP.upack)
[2021.12.03-09.02.11:167][  0]LogPakFile: OnPakFileMounted2Time == 0.000021
[2021.12.03-09.02.11:168][  0]LogPakFile: PakFile PrimaryIndexSize=192
[2021.12.03-09.02.11:168][  0]LogPakFile: PakFile PathHashIndexSize=101
[2021.12.03-09.02.11:168][  0]LogPakFile: PakFile FullDirectoryIndexSize=158
[2021.12.03-09.02.11:168][  0]LogShaderLibrary: Display: ShaderCodeLibraryPakFileMountedCallback: PakFile 'C:/Program Files/Epic Games/UE_4.27/FeaturePacks/TP_VirtualRealityBP.upack' (chunk index -1, root 'root:/') mounted
[2021.12.03-09.02.11:168][  0]LogShaderLibrary: Display: ShaderCodeLibraryPakFileMountedCallback: pending pak file info (ChunkID:-1 Root:root:/ File:C:/Program Files/Epic Games/UE_4.27/FeaturePacks/TP_VirtualRealityBP.upack)
[2021.12.03-09.02.11:168][  0]LogPakFile: OnPakFileMounted2Time == 0.000022
[2021.12.03-09.02.11:201][  0]LogNativeClassHierarchy: Verbose: Native class hierarchy updated for 'AddContentDialog' in 0.0002 seconds. Added 0 classes and 0 folders.
[2021.12.03-09.02.11:201][  0]LogNativeClassHierarchy: Verbose: Native class hierarchy updated for 'SceneOutliner' in 0.0002 seconds. Added 2 classes and 0 folders.
[2021.12.03-09.02.11:220][  0]LogSlate: Took 0.000113 seconds to synchronously load lazily loaded font '../../../Engine/Content/Slate/Fonts/Roboto-Regular.ttf' (155K)
[2021.12.03-09.02.11:221][  0]LogSlate: Took 0.000087 seconds to synchronously load lazily loaded font '../../../Engine/Content/Editor/Slate/Fonts/FontAwesome.ttf' (139K)
[2021.12.03-09.02.11:221][  0]LogSlate: Took 0.000071 seconds to synchronously load lazily loaded font '../../../Engine/Content/Slate/Fonts/Roboto-Bold.ttf' (160K)
[2021.12.03-09.02.11:283][  0]LogRenderer: Reallocating scene render targets to support 1208x572 Format 10 NumSamples 1 (Frame:1).
[2021.12.03-09.02.11:443][  0]LogNativeClassHierarchy: Verbose: Native class hierarchy updated for 'HierarchicalLODOutliner' in 0.0003 seconds. Added 0 classes and 0 folders.
[2021.12.03-09.02.11:443][  0]LogLoad: (Engine Initialization) Total time: 5.55 seconds
[2021.12.03-09.02.11:443][  0]LogLoad: (Engine Initialization) Total Blueprint compile time: 0.00 seconds
[2021.12.03-09.02.11:476][  0]LogAssetRegistry: Asset discovery search completed in 3.2514 seconds
[2021.12.03-09.02.11:480][  0]LogCollectionManager: Fixed up redirectors for 0 collections in 0.000002 seconds (updated 0 objects)
[2021.12.03-09.02.11:482][  0]LogContentStreaming: Texture pool size now 1000 MB
[2021.12.03-09.02.11:569][  2]LogSlate: Took 0.000135 seconds to synchronously load lazily loaded font '../../../Engine/Content/Slate/Fonts/Roboto-Light.ttf' (167K)
[2021.12.03-09.02.23:151][356]LogEditorViewport: Clicking on Actor (LMB): StaticMeshActor (Floor)
[2021.12.03-09.02.24:410][501]LogTemp: Repeating last play command: Selected Viewport
[2021.12.03-09.02.24:414][501]LogPlayLevel: PlayLevel: No blueprints needed recompiling
[2021.12.03-09.02.24:415][501]PIE: New page: PIE session: FirstPersonExampleMap (3 déc. 2021 à 11:02:24)
[2021.12.03-09.02.24:416][501]LogOnline: OSS: Creating online subsystem instance for: NULL
[2021.12.03-09.02.24:417][501]LogOnline: OSS: TryLoadSubsystemAndSetDefault: Loaded subsystem for module [NULL]
[2021.12.03-09.02.24:417][501]LogPlayLevel: Creating play world package: /Game/FirstPersonBP/Maps/UEDPIE_0_FirstPersonExampleMap
[2021.12.03-09.02.24:428][501]LogPlayLevel: PIE: StaticDuplicateObject took: (0.010341s)
[2021.12.03-09.02.24:428][501]LogAIModule: Creating AISystem for world FirstPersonExampleMap
[2021.12.03-09.02.24:429][501]LogPlayLevel: PIE: World Init took: (0.001028s)
[2021.12.03-09.02.24:429][501]LogPlayLevel: PIE: Created PIE world by copying editor world from /Game/FirstPersonBP/Maps/FirstPersonExampleMap.FirstPersonExampleMap to /Game/FirstPersonBP/Maps/UEDPIE_0_FirstPersonExampleMap.FirstPersonExampleMap (0.011492s)
[2021.12.03-09.02.24:433][501]LogUObjectHash: Compacting FUObjectHashTables data took   0.60ms
[2021.12.03-09.02.24:434][501]LogAudio: Display: Creating Audio Device:                 Id: 2, Scope: Unique, Realtime: True
[2021.12.03-09.02.24:434][501]LogAudioMixer: Display: Audio Mixer Platform Settings:
[2021.12.03-09.02.24:434][501]LogAudioMixer: Display: 	Sample Rate:						  48000
[2021.12.03-09.02.24:434][501]LogAudioMixer: Display: 	Callback Buffer Frame Size Requested: 1024
[2021.12.03-09.02.24:434][501]LogAudioMixer: Display: 	Callback Buffer Frame Size To Use:	  1024
[2021.12.03-09.02.24:434][501]LogAudioMixer: Display: 	Number of buffers to queue:			  2
[2021.12.03-09.02.24:434][501]LogAudioMixer: Display: 	Max Channels (voices):				  32
[2021.12.03-09.02.24:434][501]LogAudioMixer: Display: 	Number of Async Source Workers:		  0
[2021.12.03-09.02.24:434][501]LogAudio: Display: AudioDevice MaxSources: 32
[2021.12.03-09.02.24:434][501]LogAudio: Display: Audio Spatialization Plugin: None (built-in).
[2021.12.03-09.02.24:434][501]LogAudio: Display: Audio Reverb Plugin: None (built-in).
[2021.12.03-09.02.24:434][501]LogAudio: Display: Audio Occlusion Plugin: None (built-in).
[2021.12.03-09.02.24:434][501]LogAudioMixer: Display: Initializing audio mixer.
[2021.12.03-09.02.24:438][501]LogAudioMixer: Display: 0: FrontLeft
[2021.12.03-09.02.24:438][501]LogAudioMixer: Display: 1: FrontRight
[2021.12.03-09.02.24:444][501]LogAudioMixer: Display: Using Audio Device OMEN by HP 25 (NVIDIA High Definition Audio)
[2021.12.03-09.02.24:444][501]LogAudioMixer: Display: Initializing Sound Submixes...
[2021.12.03-09.02.24:444][501]LogAudioMixer: Display: Creating Master Submix 'MasterSubmixDefault'
[2021.12.03-09.02.24:444][501]LogAudioMixer: Display: Creating Master Submix 'MasterReverbSubmixDefault'
[2021.12.03-09.02.24:444][501]LogAudioMixer: Display: Creating Master Submix 'MasterEQSubmixDefault'
[2021.12.03-09.02.24:444][501]LogAudioMixer: FMixerPlatformXAudio2::StartAudioStream() called
[2021.12.03-09.02.24:444][501]LogAudioMixer: Display: Output buffers initialized: Frames=1024, Channels=2, Samples=2048
[2021.12.03-09.02.24:445][501]LogAudioMixer: Display: Starting AudioMixerPlatformInterface::RunInternal()
[2021.12.03-09.02.24:445][501]LogAudioMixer: Display: FMixerPlatformXAudio2::SubmitBuffer() called for the first time
[2021.12.03-09.02.24:445][501]LogInit: FAudioDevice initialized.
[2021.12.03-09.02.24:445][501]LogAudio: Display: Audio Device (ID: 2) registered with world 'FirstPersonExampleMap'.
[2021.12.03-09.02.24:454][501]LogLoad: Game class is 'FirstPersonGameMode_C'
[2021.12.03-09.02.24:456][501]LogWorld: Bringing World /Game/FirstPersonBP/Maps/UEDPIE_0_FirstPersonExampleMap.FirstPersonExampleMap up for play (max tick rate 0) at 2021.12.03-10.02.24
[2021.12.03-09.02.24:456][501]LogWorld: Bringing up level for play took: 0.001296
[2021.12.03-09.02.24:456][501]LogOnline: OSS: Creating online subsystem instance for: :Context_3
[2021.12.03-09.02.24:459][501]LogNativeClassHierarchy: Verbose: Native class hierarchy updated for 'MovieSceneCapture' in 0.0003 seconds. Added 20 classes and 0 folders.
[2021.12.03-09.02.24:459][501]PIE: Server logged in
[2021.12.03-09.02.24:461][501]PIE: Play in editor total start time 0,047 seconds.
[2021.12.03-09.02.58:638][595]LogSlate: Updating window title bar state: overlay mode, drag disabled, window buttons hidden, title bar hidden
[2021.12.03-09.02.58:638][595]LogWorld: BeginTearingDown for /Game/FirstPersonBP/Maps/UEDPIE_0_FirstPersonExampleMap
[2021.12.03-09.02.58:638][595]LogWorld: UWorld::CleanupWorld for FirstPersonExampleMap, bSessionEnded=true, bCleanupResources=true
[2021.12.03-09.02.58:639][595]LogSlate: InvalidateAllWidgets triggered.  All widgets were invalidated
[2021.12.03-09.02.58:645][595]LogPlayLevel: Display: Shutting down PIE online subsystems
[2021.12.03-09.02.58:658][595]LogSlate: InvalidateAllWidgets triggered.  All widgets were invalidated
[2021.12.03-09.02.58:662][595]LogAudio: Display: Audio Device unregistered from world 'None'.
[2021.12.03-09.02.58:662][595]LogAudioMixer: FMixerPlatformXAudio2::StopAudioStream() called
[2021.12.03-09.02.58:663][595]LogAudioMixer: FMixerPlatformXAudio2::StopAudioStream() called
[2021.12.03-09.02.58:664][595]LogSlate: Updating window title bar state: overlay mode, drag disabled, window buttons hidden, title bar hidden
[2021.12.03-09.02.58:666][595]LogUObjectHash: Compacting FUObjectHashTables data took   0.46ms
[2021.12.03-09.02.58:723][599]LogPlayLevel: Display: Destroying online subsystem :Context_3
